{"C:\\Users\\F\\Desktop\\berkas bootcamp\\latihan coding\\HTML\\week18\\app.js":{"path":"C:\\Users\\F\\Desktop\\berkas bootcamp\\latihan coding\\HTML\\week18\\app.js","statementMap":{"0":{"start":{"line":1,"column":16},"end":{"line":1,"column":34}},"1":{"start":{"line":2,"column":13},"end":{"line":2,"column":28}},"2":{"start":{"line":3,"column":15},"end":{"line":3,"column":37}},"3":{"start":{"line":4,"column":19},"end":{"line":4,"column":54}},"4":{"start":{"line":5,"column":18},"end":{"line":5,"column":56}},"5":{"start":{"line":6,"column":18},"end":{"line":6,"column":57}},"6":{"start":{"line":7,"column":20},"end":{"line":7,"column":62}},"7":{"start":{"line":9,"column":12},"end":{"line":9,"column":21}},"8":{"start":{"line":10,"column":0},"end":{"line":10,"column":16}},"9":{"start":{"line":11,"column":0},"end":{"line":11,"column":23}},"10":{"start":{"line":12,"column":0},"end":{"line":12,"column":20}},"11":{"start":{"line":13,"column":0},"end":{"line":13,"column":19}},"12":{"start":{"line":14,"column":0},"end":{"line":14,"column":19}},"13":{"start":{"line":15,"column":0},"end":{"line":15,"column":21}},"14":{"start":{"line":16,"column":0},"end":{"line":16,"column":49}},"15":{"start":{"line":18,"column":0},"end":{"line":21,"column":3}},"16":{"start":{"line":20,"column":2},"end":{"line":20,"column":47}},"17":{"start":{"line":23,"column":0},"end":{"line":23,"column":21}}},"fnMap":{"0":{"name":"(anonymous_0)","decl":{"start":{"line":18,"column":17},"end":{"line":18,"column":18}},"loc":{"start":{"line":18,"column":23},"end":{"line":21,"column":1}},"line":18}},"branchMap":{},"s":{"0":1,"1":1,"2":1,"3":1,"4":1,"5":1,"6":1,"7":1,"8":1,"9":1,"10":1,"11":1,"12":1,"13":1,"14":1,"15":1,"16":1,"17":1},"f":{"0":1},"b":{},"_coverageSchema":"1a1c01bbd47fc00a2c39e90264f33305004495a9","hash":"aa9092f242767d5b772dc249b792df254b779bab","contentHash":"792c79fb2213d95950276dde9a6335e8f05f7573e3682f52ea04078c764dd1fe"},"C:\\Users\\F\\Desktop\\berkas bootcamp\\latihan coding\\HTML\\week18\\src\\routers\\userrouter.js":{"path":"C:\\Users\\F\\Desktop\\berkas bootcamp\\latihan coding\\HTML\\week18\\src\\routers\\userrouter.js","statementMap":{"0":{"start":{"line":3,"column":16},"end":{"line":3,"column":34}},"1":{"start":{"line":4,"column":17},"end":{"line":4,"column":51}},"2":{"start":{"line":5,"column":16},"end":{"line":5,"column":45}},"3":{"start":{"line":6,"column":15},"end":{"line":6,"column":46}},"4":{"start":{"line":8,"column":19},"end":{"line":8,"column":35}},"5":{"start":{"line":9,"column":0},"end":{"line":16,"column":54}},"6":{"start":{"line":18,"column":0},"end":{"line":18,"column":28}}},"fnMap":{},"branchMap":{},"s":{"0":1,"1":1,"2":1,"3":1,"4":1,"5":1,"6":1},"f":{},"b":{},"_coverageSchema":"1a1c01bbd47fc00a2c39e90264f33305004495a9","hash":"6c5df86e6a4dd75f37e55448f90c43592f1ebd95","contentHash":"3667d712d9c7d92a0fc9618c4e11856b20b095086bba938247c8cfd44b694109"},"C:\\Users\\F\\Desktop\\berkas bootcamp\\latihan coding\\HTML\\week18\\src\\controllers\\userctrl.js":{"path":"C:\\Users\\F\\Desktop\\berkas bootcamp\\latihan coding\\HTML\\week18\\src\\controllers\\userctrl.js","statementMap":{"0":{"start":{"line":3,"column":15},"end":{"line":3,"column":32}},"1":{"start":{"line":4,"column":12},"end":{"line":4,"column":35}},"2":{"start":{"line":5,"column":11},"end":{"line":5,"column":24}},"3":{"start":{"line":6,"column":15},"end":{"line":6,"column":45}},"4":{"start":{"line":7,"column":42},"end":{"line":7,"column":71}},"5":{"start":{"line":9,"column":12},"end":{"line":9,"column":36}},"6":{"start":{"line":12,"column":17},"end":{"line":196,"column":1}},"7":{"start":{"line":15,"column":4},"end":{"line":39,"column":5}},"8":{"start":{"line":16,"column":24},"end":{"line":16,"column":27}},"9":{"start":{"line":17,"column":21},"end":{"line":17,"column":67}},"10":{"start":{"line":18,"column":20},"end":{"line":18,"column":72}},"11":{"start":{"line":19,"column":19},"end":{"line":19,"column":64}},"12":{"start":{"line":20,"column":20},"end":{"line":20,"column":64}},"13":{"start":{"line":21,"column":21},"end":{"line":21,"column":96}},"14":{"start":{"line":22,"column":6},"end":{"line":36,"column":11}},"15":{"start":{"line":24,"column":24},"end":{"line":24,"column":47}},"16":{"start":{"line":25,"column":25},"end":{"line":31,"column":11}},"17":{"start":{"line":32,"column":10},"end":{"line":32,"column":56}},"18":{"start":{"line":35,"column":10},"end":{"line":35,"column":32}},"19":{"start":{"line":38,"column":6},"end":{"line":38,"column":28}},"20":{"start":{"line":43,"column":4},"end":{"line":53,"column":5}},"21":{"start":{"line":44,"column":17},"end":{"line":44,"column":27}},"22":{"start":{"line":45,"column":6},"end":{"line":50,"column":11}},"23":{"start":{"line":46,"column":8},"end":{"line":46,"column":54}},"24":{"start":{"line":49,"column":10},"end":{"line":49,"column":32}},"25":{"start":{"line":52,"column":6},"end":{"line":52,"column":28}},"26":{"start":{"line":57,"column":4},"end":{"line":79,"column":5}},"27":{"start":{"line":58,"column":23},"end":{"line":58,"column":26}},"28":{"start":{"line":59,"column":20},"end":{"line":59,"column":35}},"29":{"start":{"line":60,"column":19},"end":{"line":60,"column":33}},"30":{"start":{"line":61,"column":20},"end":{"line":61,"column":35}},"31":{"start":{"line":62,"column":25},"end":{"line":62,"column":29}},"32":{"start":{"line":63,"column":27},"end":{"line":63,"column":31}},"33":{"start":{"line":64,"column":24},"end":{"line":64,"column":28}},"34":{"start":{"line":65,"column":26},"end":{"line":65,"column":30}},"35":{"start":{"line":66,"column":20},"end":{"line":66,"column":37}},"36":{"start":{"line":67,"column":18},"end":{"line":67,"column":35}},"37":{"start":{"line":68,"column":25},"end":{"line":68,"column":29}},"38":{"start":{"line":69,"column":17},"end":{"line":69,"column":51}},"39":{"start":{"line":70,"column":6},"end":{"line":76,"column":11}},"40":{"start":{"line":72,"column":10},"end":{"line":72,"column":61}},"41":{"start":{"line":75,"column":10},"end":{"line":75,"column":32}},"42":{"start":{"line":78,"column":6},"end":{"line":78,"column":28}},"43":{"start":{"line":83,"column":4},"end":{"line":107,"column":5}},"44":{"start":{"line":84,"column":23},"end":{"line":84,"column":26}},"45":{"start":{"line":85,"column":6},"end":{"line":104,"column":9}},"46":{"start":{"line":86,"column":8},"end":{"line":101,"column":9}},"47":{"start":{"line":87,"column":10},"end":{"line":87,"column":42}},"48":{"start":{"line":89,"column":23},"end":{"line":89,"column":32}},"49":{"start":{"line":90,"column":25},"end":{"line":92,"column":11}},"50":{"start":{"line":93,"column":24},"end":{"line":93,"column":53}},"51":{"start":{"line":94,"column":31},"end":{"line":94,"column":49}},"52":{"start":{"line":95,"column":21},"end":{"line":95,"column":68}},"53":{"start":{"line":96,"column":10},"end":{"line":100,"column":11}},"54":{"start":{"line":97,"column":12},"end":{"line":97,"column":45}},"55":{"start":{"line":99,"column":12},"end":{"line":99,"column":47}},"56":{"start":{"line":103,"column":8},"end":{"line":103,"column":30}},"57":{"start":{"line":106,"column":6},"end":{"line":106,"column":28}},"58":{"start":{"line":111,"column":4},"end":{"line":127,"column":5}},"59":{"start":{"line":112,"column":23},"end":{"line":112,"column":26}},"60":{"start":{"line":113,"column":6},"end":{"line":124,"column":9}},"61":{"start":{"line":115,"column":8},"end":{"line":123,"column":9}},"62":{"start":{"line":116,"column":10},"end":{"line":116,"column":32}},"63":{"start":{"line":118,"column":10},"end":{"line":122,"column":13}},"64":{"start":{"line":119,"column":12},"end":{"line":119,"column":33}},"65":{"start":{"line":121,"column":12},"end":{"line":121,"column":35}},"66":{"start":{"line":126,"column":6},"end":{"line":126,"column":30}},"67":{"start":{"line":131,"column":4},"end":{"line":154,"column":5}},"68":{"start":{"line":132,"column":21},"end":{"line":132,"column":31}},"69":{"start":{"line":133,"column":22},"end":{"line":133,"column":45}},"70":{"start":{"line":134,"column":22},"end":{"line":134,"column":51}},"71":{"start":{"line":135,"column":6},"end":{"line":151,"column":10}},"72":{"start":{"line":136,"column":8},"end":{"line":150,"column":9}},"73":{"start":{"line":137,"column":10},"end":{"line":142,"column":15}},"74":{"start":{"line":138,"column":12},"end":{"line":138,"column":61}},"75":{"start":{"line":141,"column":14},"end":{"line":141,"column":36}},"76":{"start":{"line":144,"column":10},"end":{"line":149,"column":15}},"77":{"start":{"line":145,"column":12},"end":{"line":145,"column":61}},"78":{"start":{"line":148,"column":14},"end":{"line":148,"column":36}},"79":{"start":{"line":153,"column":6},"end":{"line":153,"column":28}},"80":{"start":{"line":157,"column":4},"end":{"line":194,"column":5}},"81":{"start":{"line":158,"column":23},"end":{"line":158,"column":26}},"82":{"start":{"line":159,"column":21},"end":{"line":159,"column":31}},"83":{"start":{"line":160,"column":20},"end":{"line":160,"column":35}},"84":{"start":{"line":161,"column":19},"end":{"line":161,"column":33}},"85":{"start":{"line":162,"column":20},"end":{"line":162,"column":35}},"86":{"start":{"line":163,"column":25},"end":{"line":163,"column":29}},"87":{"start":{"line":164,"column":27},"end":{"line":164,"column":31}},"88":{"start":{"line":165,"column":24},"end":{"line":165,"column":28}},"89":{"start":{"line":166,"column":26},"end":{"line":166,"column":30}},"90":{"start":{"line":167,"column":18},"end":{"line":167,"column":35}},"91":{"start":{"line":168,"column":25},"end":{"line":168,"column":29}},"92":{"start":{"line":169,"column":20},"end":{"line":169,"column":37}},"93":{"start":{"line":170,"column":17},"end":{"line":170,"column":51}},"94":{"start":{"line":171,"column":22},"end":{"line":171,"column":45}},"95":{"start":{"line":172,"column":22},"end":{"line":172,"column":51}},"96":{"start":{"line":173,"column":6},"end":{"line":191,"column":10}},"97":{"start":{"line":174,"column":8},"end":{"line":190,"column":9}},"98":{"start":{"line":175,"column":10},"end":{"line":181,"column":15}},"99":{"start":{"line":177,"column":14},"end":{"line":177,"column":63}},"100":{"start":{"line":180,"column":14},"end":{"line":180,"column":36}},"101":{"start":{"line":183,"column":10},"end":{"line":189,"column":15}},"102":{"start":{"line":185,"column":14},"end":{"line":185,"column":63}},"103":{"start":{"line":188,"column":14},"end":{"line":188,"column":36}},"104":{"start":{"line":193,"column":6},"end":{"line":193,"column":28}},"105":{"start":{"line":198,"column":0},"end":{"line":198,"column":26}}},"fnMap":{"0":{"name":"(anonymous_0)","decl":{"start":{"line":14,"column":11},"end":{"line":14,"column":12}},"loc":{"start":{"line":14,"column":25},"end":{"line":40,"column":3}},"line":14},"1":{"name":"(anonymous_1)","decl":{"start":{"line":23,"column":14},"end":{"line":23,"column":15}},"loc":{"start":{"line":23,"column":32},"end":{"line":33,"column":9}},"line":23},"2":{"name":"(anonymous_2)","decl":{"start":{"line":34,"column":15},"end":{"line":34,"column":16}},"loc":{"start":{"line":34,"column":24},"end":{"line":36,"column":9}},"line":34},"3":{"name":"(anonymous_3)","decl":{"start":{"line":42,"column":13},"end":{"line":42,"column":14}},"loc":{"start":{"line":42,"column":27},"end":{"line":54,"column":3}},"line":42},"4":{"name":"(anonymous_4)","decl":{"start":{"line":45,"column":32},"end":{"line":45,"column":33}},"loc":{"start":{"line":45,"column":44},"end":{"line":47,"column":7}},"line":45},"5":{"name":"(anonymous_5)","decl":{"start":{"line":48,"column":15},"end":{"line":48,"column":16}},"loc":{"start":{"line":48,"column":24},"end":{"line":50,"column":9}},"line":48},"6":{"name":"(anonymous_6)","decl":{"start":{"line":56,"column":10},"end":{"line":56,"column":11}},"loc":{"start":{"line":56,"column":24},"end":{"line":80,"column":3}},"line":56},"7":{"name":"(anonymous_7)","decl":{"start":{"line":71,"column":14},"end":{"line":71,"column":15}},"loc":{"start":{"line":71,"column":26},"end":{"line":73,"column":9}},"line":71},"8":{"name":"(anonymous_8)","decl":{"start":{"line":74,"column":15},"end":{"line":74,"column":16}},"loc":{"start":{"line":74,"column":24},"end":{"line":76,"column":9}},"line":74},"9":{"name":"(anonymous_9)","decl":{"start":{"line":82,"column":9},"end":{"line":82,"column":10}},"loc":{"start":{"line":82,"column":23},"end":{"line":108,"column":3}},"line":82},"10":{"name":"(anonymous_10)","decl":{"start":{"line":85,"column":30},"end":{"line":85,"column":31}},"loc":{"start":{"line":85,"column":42},"end":{"line":102,"column":7}},"line":85},"11":{"name":"(anonymous_11)","decl":{"start":{"line":102,"column":15},"end":{"line":102,"column":16}},"loc":{"start":{"line":102,"column":24},"end":{"line":104,"column":7}},"line":102},"12":{"name":"(anonymous_12)","decl":{"start":{"line":110,"column":12},"end":{"line":110,"column":13}},"loc":{"start":{"line":110,"column":26},"end":{"line":128,"column":3}},"line":110},"13":{"name":"(anonymous_13)","decl":{"start":{"line":113,"column":37},"end":{"line":113,"column":38}},"loc":{"start":{"line":113,"column":52},"end":{"line":124,"column":7}},"line":113},"14":{"name":"(anonymous_14)","decl":{"start":{"line":118,"column":43},"end":{"line":118,"column":44}},"loc":{"start":{"line":118,"column":55},"end":{"line":120,"column":11}},"line":118},"15":{"name":"(anonymous_15)","decl":{"start":{"line":120,"column":19},"end":{"line":120,"column":20}},"loc":{"start":{"line":120,"column":29},"end":{"line":122,"column":11}},"line":120},"16":{"name":"(anonymous_16)","decl":{"start":{"line":130,"column":7},"end":{"line":130,"column":8}},"loc":{"start":{"line":130,"column":27},"end":{"line":155,"column":3}},"line":130},"17":{"name":"(anonymous_17)","decl":{"start":{"line":135,"column":26},"end":{"line":135,"column":27}},"loc":{"start":{"line":135,"column":38},"end":{"line":151,"column":7}},"line":135},"18":{"name":"(anonymous_18)","decl":{"start":{"line":137,"column":30},"end":{"line":137,"column":31}},"loc":{"start":{"line":137,"column":42},"end":{"line":139,"column":11}},"line":137},"19":{"name":"(anonymous_19)","decl":{"start":{"line":140,"column":19},"end":{"line":140,"column":20}},"loc":{"start":{"line":140,"column":28},"end":{"line":142,"column":13}},"line":140},"20":{"name":"(anonymous_20)","decl":{"start":{"line":144,"column":30},"end":{"line":144,"column":31}},"loc":{"start":{"line":144,"column":42},"end":{"line":146,"column":11}},"line":144},"21":{"name":"(anonymous_21)","decl":{"start":{"line":147,"column":19},"end":{"line":147,"column":20}},"loc":{"start":{"line":147,"column":28},"end":{"line":149,"column":13}},"line":147},"22":{"name":"(anonymous_22)","decl":{"start":{"line":156,"column":10},"end":{"line":156,"column":11}},"loc":{"start":{"line":156,"column":30},"end":{"line":195,"column":3}},"line":156},"23":{"name":"(anonymous_23)","decl":{"start":{"line":173,"column":26},"end":{"line":173,"column":27}},"loc":{"start":{"line":173,"column":38},"end":{"line":191,"column":7}},"line":173},"24":{"name":"(anonymous_24)","decl":{"start":{"line":176,"column":18},"end":{"line":176,"column":19}},"loc":{"start":{"line":176,"column":30},"end":{"line":178,"column":13}},"line":176},"25":{"name":"(anonymous_25)","decl":{"start":{"line":179,"column":19},"end":{"line":179,"column":20}},"loc":{"start":{"line":179,"column":28},"end":{"line":181,"column":13}},"line":179},"26":{"name":"(anonymous_26)","decl":{"start":{"line":184,"column":18},"end":{"line":184,"column":19}},"loc":{"start":{"line":184,"column":30},"end":{"line":186,"column":13}},"line":184},"27":{"name":"(anonymous_27)","decl":{"start":{"line":187,"column":19},"end":{"line":187,"column":20}},"loc":{"start":{"line":187,"column":28},"end":{"line":189,"column":13}},"line":187}},"branchMap":{"0":{"loc":{"start":{"line":17,"column":21},"end":{"line":17,"column":67}},"type":"cond-expr","locations":[{"start":{"line":17,"column":50},"end":{"line":17,"column":52}},{"start":{"line":17,"column":55},"end":{"line":17,"column":67}}],"line":17},"1":{"loc":{"start":{"line":18,"column":20},"end":{"line":18,"column":72}},"type":"cond-expr","locations":[{"start":{"line":18,"column":48},"end":{"line":18,"column":58}},{"start":{"line":18,"column":61},"end":{"line":18,"column":72}}],"line":18},"2":{"loc":{"start":{"line":19,"column":19},"end":{"line":19,"column":64}},"type":"cond-expr","locations":[{"start":{"line":19,"column":46},"end":{"line":19,"column":51}},{"start":{"line":19,"column":54},"end":{"line":19,"column":64}}],"line":19},"3":{"loc":{"start":{"line":20,"column":20},"end":{"line":20,"column":64}},"type":"cond-expr","locations":[{"start":{"line":20,"column":48},"end":{"line":20,"column":50}},{"start":{"line":20,"column":53},"end":{"line":20,"column":64}}],"line":20},"4":{"loc":{"start":{"line":21,"column":21},"end":{"line":21,"column":96}},"type":"cond-expr","locations":[{"start":{"line":21,"column":68},"end":{"line":21,"column":69}},{"start":{"line":21,"column":72},"end":{"line":21,"column":96}}],"line":21},"5":{"loc":{"start":{"line":21,"column":21},"end":{"line":21,"column":65}},"type":"binary-expr","locations":[{"start":{"line":21,"column":21},"end":{"line":21,"column":45}},{"start":{"line":21,"column":49},"end":{"line":21,"column":65}}],"line":21},"6":{"loc":{"start":{"line":86,"column":8},"end":{"line":101,"column":9}},"type":"if","locations":[{"start":{"line":86,"column":8},"end":{"line":101,"column":9}},{"start":{"line":86,"column":8},"end":{"line":101,"column":9}}],"line":86},"7":{"loc":{"start":{"line":96,"column":10},"end":{"line":100,"column":11}},"type":"if","locations":[{"start":{"line":96,"column":10},"end":{"line":100,"column":11}},{"start":{"line":96,"column":10},"end":{"line":100,"column":11}}],"line":96},"8":{"loc":{"start":{"line":115,"column":8},"end":{"line":123,"column":9}},"type":"if","locations":[{"start":{"line":115,"column":8},"end":{"line":123,"column":9}},{"start":{"line":115,"column":8},"end":{"line":123,"column":9}}],"line":115},"9":{"loc":{"start":{"line":136,"column":8},"end":{"line":150,"column":9}},"type":"if","locations":[{"start":{"line":136,"column":8},"end":{"line":150,"column":9}},{"start":{"line":136,"column":8},"end":{"line":150,"column":9}}],"line":136},"10":{"loc":{"start":{"line":174,"column":8},"end":{"line":190,"column":9}},"type":"if","locations":[{"start":{"line":174,"column":8},"end":{"line":190,"column":9}},{"start":{"line":174,"column":8},"end":{"line":190,"column":9}}],"line":174}},"s":{"0":1,"1":1,"2":1,"3":1,"4":1,"5":1,"6":1,"7":1,"8":1,"9":1,"10":1,"11":1,"12":1,"13":1,"14":1,"15":1,"16":1,"17":1,"18":0,"19":0,"20":1,"21":1,"22":1,"23":1,"24":0,"25":0,"26":1,"27":1,"28":1,"29":1,"30":1,"31":1,"32":1,"33":1,"34":1,"35":1,"36":1,"37":1,"38":1,"39":1,"40":1,"41":0,"42":0,"43":18,"44":18,"45":18,"46":18,"47":0,"48":18,"49":18,"50":18,"51":18,"52":18,"53":18,"54":18,"55":0,"56":0,"57":0,"58":1,"59":1,"60":1,"61":1,"62":0,"63":1,"64":1,"65":0,"66":0,"67":1,"68":1,"69":1,"70":1,"71":0,"72":0,"73":0,"74":0,"75":0,"76":0,"77":0,"78":0,"79":1,"80":1,"81":1,"82":1,"83":1,"84":1,"85":1,"86":1,"87":1,"88":1,"89":1,"90":1,"91":1,"92":1,"93":1,"94":1,"95":1,"96":1,"97":1,"98":0,"99":0,"100":0,"101":1,"102":1,"103":0,"104":0,"105":1},"f":{"0":1,"1":1,"2":0,"3":1,"4":1,"5":0,"6":1,"7":1,"8":0,"9":18,"10":18,"11":0,"12":1,"13":1,"14":1,"15":0,"16":1,"17":0,"18":0,"19":0,"20":0,"21":0,"22":1,"23":1,"24":0,"25":0,"26":1,"27":0},"b":{"0":[1,0],"1":[1,0],"2":[1,0],"3":[1,0],"4":[1,0],"5":[1,0],"6":[0,18],"7":[18,0],"8":[0,1],"9":[0,0],"10":[0,1]},"_coverageSchema":"1a1c01bbd47fc00a2c39e90264f33305004495a9","hash":"b19e7114e3137ee823ecfe555a92949e52621738","contentHash":"6b197c48b7e3ed3d2c3c67352e6b48a0284de2783af336456e39f861db614556"},"C:\\Users\\F\\Desktop\\berkas bootcamp\\latihan coding\\HTML\\week18\\src\\models\\usermodel.js":{"path":"C:\\Users\\F\\Desktop\\berkas bootcamp\\latihan coding\\HTML\\week18\\src\\models\\usermodel.js","statementMap":{"0":{"start":{"line":3,"column":11},"end":{"line":3,"column":34}},"1":{"start":{"line":5,"column":18},"end":{"line":92,"column":1}},"2":{"start":{"line":6,"column":18},"end":{"line":14,"column":4}},"3":{"start":{"line":7,"column":4},"end":{"line":13,"column":7}},"4":{"start":{"line":8,"column":6},"end":{"line":12,"column":7}},"5":{"start":{"line":9,"column":8},"end":{"line":9,"column":20}},"6":{"start":{"line":11,"column":8},"end":{"line":11,"column":31}},"7":{"start":{"line":15,"column":51},"end":{"line":23,"column":4}},"8":{"start":{"line":16,"column":4},"end":{"line":22,"column":7}},"9":{"start":{"line":17,"column":6},"end":{"line":21,"column":7}},"10":{"start":{"line":18,"column":8},"end":{"line":18,"column":20}},"11":{"start":{"line":20,"column":8},"end":{"line":20,"column":24}},"12":{"start":{"line":24,"column":19},"end":{"line":32,"column":4}},"13":{"start":{"line":25,"column":4},"end":{"line":31,"column":7}},"14":{"start":{"line":26,"column":6},"end":{"line":30,"column":7}},"15":{"start":{"line":27,"column":8},"end":{"line":27,"column":20}},"16":{"start":{"line":29,"column":8},"end":{"line":29,"column":24}},"17":{"start":{"line":33,"column":28},"end":{"line":46,"column":4}},"18":{"start":{"line":34,"column":4},"end":{"line":45,"column":6}},"19":{"start":{"line":39,"column":8},"end":{"line":43,"column":9}},"20":{"start":{"line":40,"column":10},"end":{"line":40,"column":22}},"21":{"start":{"line":42,"column":10},"end":{"line":42,"column":26}},"22":{"start":{"line":47,"column":21},"end":{"line":55,"column":4}},"23":{"start":{"line":48,"column":4},"end":{"line":54,"column":7}},"24":{"start":{"line":49,"column":6},"end":{"line":53,"column":7}},"25":{"start":{"line":50,"column":8},"end":{"line":50,"column":20}},"26":{"start":{"line":52,"column":8},"end":{"line":52,"column":24}},"27":{"start":{"line":56,"column":18},"end":{"line":64,"column":4}},"28":{"start":{"line":57,"column":4},"end":{"line":63,"column":7}},"29":{"start":{"line":58,"column":6},"end":{"line":62,"column":7}},"30":{"start":{"line":59,"column":8},"end":{"line":59,"column":20}},"31":{"start":{"line":61,"column":8},"end":{"line":61,"column":24}},"32":{"start":{"line":65,"column":98},"end":{"line":73,"column":4}},"33":{"start":{"line":66,"column":4},"end":{"line":72,"column":7}},"34":{"start":{"line":67,"column":6},"end":{"line":71,"column":7}},"35":{"start":{"line":68,"column":8},"end":{"line":68,"column":20}},"36":{"start":{"line":70,"column":8},"end":{"line":70,"column":24}},"37":{"start":{"line":74,"column":15},"end":{"line":82,"column":4}},"38":{"start":{"line":75,"column":4},"end":{"line":81,"column":7}},"39":{"start":{"line":76,"column":6},"end":{"line":80,"column":7}},"40":{"start":{"line":77,"column":8},"end":{"line":77,"column":20}},"41":{"start":{"line":79,"column":8},"end":{"line":79,"column":24}},"42":{"start":{"line":83,"column":102},"end":{"line":91,"column":4}},"43":{"start":{"line":84,"column":4},"end":{"line":90,"column":7}},"44":{"start":{"line":85,"column":6},"end":{"line":89,"column":7}},"45":{"start":{"line":86,"column":8},"end":{"line":86,"column":20}},"46":{"start":{"line":88,"column":8},"end":{"line":88,"column":24}},"47":{"start":{"line":94,"column":0},"end":{"line":94,"column":27}}},"fnMap":{"0":{"name":"(anonymous_0)","decl":{"start":{"line":6,"column":12},"end":{"line":6,"column":13}},"loc":{"start":{"line":6,"column":18},"end":{"line":14,"column":4}},"line":6},"1":{"name":"(anonymous_1)","decl":{"start":{"line":6,"column":30},"end":{"line":6,"column":31}},"loc":{"start":{"line":6,"column":51},"end":{"line":14,"column":3}},"line":6},"2":{"name":"(anonymous_2)","decl":{"start":{"line":7,"column":35},"end":{"line":7,"column":36}},"loc":{"start":{"line":7,"column":52},"end":{"line":13,"column":5}},"line":7},"3":{"name":"(anonymous_3)","decl":{"start":{"line":15,"column":11},"end":{"line":15,"column":12}},"loc":{"start":{"line":15,"column":51},"end":{"line":23,"column":4}},"line":15},"4":{"name":"(anonymous_4)","decl":{"start":{"line":15,"column":63},"end":{"line":15,"column":64}},"loc":{"start":{"line":15,"column":84},"end":{"line":23,"column":3}},"line":15},"5":{"name":"(anonymous_5)","decl":{"start":{"line":16,"column":127},"end":{"line":16,"column":128}},"loc":{"start":{"line":16,"column":150},"end":{"line":22,"column":5}},"line":16},"6":{"name":"(anonymous_6)","decl":{"start":{"line":24,"column":9},"end":{"line":24,"column":10}},"loc":{"start":{"line":24,"column":19},"end":{"line":32,"column":4}},"line":24},"7":{"name":"(anonymous_7)","decl":{"start":{"line":24,"column":31},"end":{"line":24,"column":32}},"loc":{"start":{"line":24,"column":52},"end":{"line":32,"column":3}},"line":24},"8":{"name":"(anonymous_8)","decl":{"start":{"line":25,"column":63},"end":{"line":25,"column":64}},"loc":{"start":{"line":25,"column":80},"end":{"line":31,"column":5}},"line":25},"9":{"name":"(anonymous_9)","decl":{"start":{"line":33,"column":12},"end":{"line":33,"column":13}},"loc":{"start":{"line":33,"column":28},"end":{"line":46,"column":4}},"line":33},"10":{"name":"(anonymous_10)","decl":{"start":{"line":33,"column":40},"end":{"line":33,"column":41}},"loc":{"start":{"line":33,"column":61},"end":{"line":46,"column":3}},"line":33},"11":{"name":"(anonymous_11)","decl":{"start":{"line":38,"column":12},"end":{"line":38,"column":13}},"loc":{"start":{"line":38,"column":29},"end":{"line":44,"column":7}},"line":38},"12":{"name":"(anonymous_12)","decl":{"start":{"line":47,"column":13},"end":{"line":47,"column":14}},"loc":{"start":{"line":47,"column":21},"end":{"line":55,"column":4}},"line":47},"13":{"name":"(anonymous_13)","decl":{"start":{"line":47,"column":33},"end":{"line":47,"column":34}},"loc":{"start":{"line":47,"column":54},"end":{"line":55,"column":3}},"line":47},"14":{"name":"(anonymous_14)","decl":{"start":{"line":48,"column":52},"end":{"line":48,"column":53}},"loc":{"start":{"line":48,"column":69},"end":{"line":54,"column":5}},"line":48},"15":{"name":"(anonymous_15)","decl":{"start":{"line":56,"column":10},"end":{"line":56,"column":11}},"loc":{"start":{"line":56,"column":18},"end":{"line":64,"column":4}},"line":56},"16":{"name":"(anonymous_16)","decl":{"start":{"line":56,"column":30},"end":{"line":56,"column":31}},"loc":{"start":{"line":56,"column":51},"end":{"line":64,"column":3}},"line":56},"17":{"name":"(anonymous_17)","decl":{"start":{"line":57,"column":54},"end":{"line":57,"column":55}},"loc":{"start":{"line":57,"column":71},"end":{"line":63,"column":5}},"line":57},"18":{"name":"(anonymous_18)","decl":{"start":{"line":65,"column":10},"end":{"line":65,"column":11}},"loc":{"start":{"line":65,"column":98},"end":{"line":73,"column":4}},"line":65},"19":{"name":"(anonymous_19)","decl":{"start":{"line":65,"column":110},"end":{"line":65,"column":111}},"loc":{"start":{"line":65,"column":131},"end":{"line":73,"column":3}},"line":65},"20":{"name":"(anonymous_20)","decl":{"start":{"line":66,"column":285},"end":{"line":66,"column":286}},"loc":{"start":{"line":66,"column":302},"end":{"line":72,"column":5}},"line":66},"21":{"name":"(anonymous_21)","decl":{"start":{"line":74,"column":7},"end":{"line":74,"column":8}},"loc":{"start":{"line":74,"column":15},"end":{"line":82,"column":4}},"line":74},"22":{"name":"(anonymous_22)","decl":{"start":{"line":74,"column":27},"end":{"line":74,"column":28}},"loc":{"start":{"line":74,"column":48},"end":{"line":82,"column":3}},"line":74},"23":{"name":"(anonymous_23)","decl":{"start":{"line":75,"column":50},"end":{"line":75,"column":51}},"loc":{"start":{"line":75,"column":67},"end":{"line":81,"column":5}},"line":75},"24":{"name":"(anonymous_24)","decl":{"start":{"line":83,"column":10},"end":{"line":83,"column":11}},"loc":{"start":{"line":83,"column":102},"end":{"line":91,"column":4}},"line":83},"25":{"name":"(anonymous_25)","decl":{"start":{"line":83,"column":114},"end":{"line":83,"column":115}},"loc":{"start":{"line":83,"column":135},"end":{"line":91,"column":3}},"line":83},"26":{"name":"(anonymous_26)","decl":{"start":{"line":84,"column":282},"end":{"line":84,"column":283}},"loc":{"start":{"line":84,"column":299},"end":{"line":90,"column":5}},"line":84}},"branchMap":{"0":{"loc":{"start":{"line":8,"column":6},"end":{"line":12,"column":7}},"type":"if","locations":[{"start":{"line":8,"column":6},"end":{"line":12,"column":7}},{"start":{"line":8,"column":6},"end":{"line":12,"column":7}}],"line":8},"1":{"loc":{"start":{"line":17,"column":6},"end":{"line":21,"column":7}},"type":"if","locations":[{"start":{"line":17,"column":6},"end":{"line":21,"column":7}},{"start":{"line":17,"column":6},"end":{"line":21,"column":7}}],"line":17},"2":{"loc":{"start":{"line":26,"column":6},"end":{"line":30,"column":7}},"type":"if","locations":[{"start":{"line":26,"column":6},"end":{"line":30,"column":7}},{"start":{"line":26,"column":6},"end":{"line":30,"column":7}}],"line":26},"3":{"loc":{"start":{"line":39,"column":8},"end":{"line":43,"column":9}},"type":"if","locations":[{"start":{"line":39,"column":8},"end":{"line":43,"column":9}},{"start":{"line":39,"column":8},"end":{"line":43,"column":9}}],"line":39},"4":{"loc":{"start":{"line":49,"column":6},"end":{"line":53,"column":7}},"type":"if","locations":[{"start":{"line":49,"column":6},"end":{"line":53,"column":7}},{"start":{"line":49,"column":6},"end":{"line":53,"column":7}}],"line":49},"5":{"loc":{"start":{"line":58,"column":6},"end":{"line":62,"column":7}},"type":"if","locations":[{"start":{"line":58,"column":6},"end":{"line":62,"column":7}},{"start":{"line":58,"column":6},"end":{"line":62,"column":7}}],"line":58},"6":{"loc":{"start":{"line":67,"column":6},"end":{"line":71,"column":7}},"type":"if","locations":[{"start":{"line":67,"column":6},"end":{"line":71,"column":7}},{"start":{"line":67,"column":6},"end":{"line":71,"column":7}}],"line":67},"7":{"loc":{"start":{"line":76,"column":6},"end":{"line":80,"column":7}},"type":"if","locations":[{"start":{"line":76,"column":6},"end":{"line":80,"column":7}},{"start":{"line":76,"column":6},"end":{"line":80,"column":7}}],"line":76},"8":{"loc":{"start":{"line":85,"column":6},"end":{"line":89,"column":7}},"type":"if","locations":[{"start":{"line":85,"column":6},"end":{"line":89,"column":7}},{"start":{"line":85,"column":6},"end":{"line":89,"column":7}}],"line":85}},"s":{"0":1,"1":1,"2":1,"3":1,"4":1,"5":0,"6":1,"7":1,"8":1,"9":1,"10":0,"11":1,"12":18,"13":18,"14":18,"15":0,"16":18,"17":1,"18":1,"19":1,"20":0,"21":1,"22":7,"23":7,"24":7,"25":0,"26":7,"27":2,"28":2,"29":2,"30":0,"31":2,"32":1,"33":1,"34":1,"35":0,"36":1,"37":0,"38":0,"39":0,"40":0,"41":0,"42":1,"43":1,"44":1,"45":0,"46":1,"47":1},"f":{"0":1,"1":1,"2":1,"3":1,"4":1,"5":1,"6":18,"7":18,"8":18,"9":1,"10":1,"11":1,"12":7,"13":7,"14":7,"15":2,"16":2,"17":2,"18":1,"19":1,"20":1,"21":0,"22":0,"23":0,"24":1,"25":1,"26":1},"b":{"0":[0,1],"1":[0,1],"2":[0,18],"3":[0,1],"4":[0,7],"5":[0,2],"6":[0,1],"7":[0,0],"8":[0,1]},"_coverageSchema":"1a1c01bbd47fc00a2c39e90264f33305004495a9","hash":"f8e1d7f1b01dd41655cd9dc3e0b33738125a1e4f","contentHash":"d988d5351aa4ce8f4157cb7ef6af8ad9a8cb51ee0ba714752c00e33491f36f16"},"C:\\Users\\F\\Desktop\\berkas bootcamp\\latihan coding\\HTML\\week18\\src\\config\\db.js":{"path":"C:\\Users\\F\\Desktop\\berkas bootcamp\\latihan coding\\HTML\\week18\\src\\config\\db.js","statementMap":{"0":{"start":{"line":2,"column":14},"end":{"line":2,"column":31}},"1":{"start":{"line":3,"column":12},"end":{"line":3,"column":36}},"2":{"start":{"line":6,"column":13},"end":{"line":11,"column":2}},"3":{"start":{"line":13,"column":0},"end":{"line":19,"column":3}},"4":{"start":{"line":14,"column":2},"end":{"line":18,"column":3}},"5":{"start":{"line":15,"column":4},"end":{"line":15,"column":21}},"6":{"start":{"line":17,"column":4},"end":{"line":17,"column":38}},"7":{"start":{"line":22,"column":0},"end":{"line":22,"column":22}}},"fnMap":{"0":{"name":"(anonymous_0)","decl":{"start":{"line":13,"column":13},"end":{"line":13,"column":14}},"loc":{"start":{"line":13,"column":22},"end":{"line":19,"column":1}},"line":13}},"branchMap":{"0":{"loc":{"start":{"line":14,"column":2},"end":{"line":18,"column":3}},"type":"if","locations":[{"start":{"line":14,"column":2},"end":{"line":18,"column":3}},{"start":{"line":14,"column":2},"end":{"line":18,"column":3}}],"line":14}},"s":{"0":1,"1":1,"2":1,"3":1,"4":1,"5":0,"6":1,"7":1},"f":{"0":1},"b":{"0":[0,1]},"_coverageSchema":"1a1c01bbd47fc00a2c39e90264f33305004495a9","hash":"2e2f82cf29c9143a6fe7a9415f9992e0ab1c0684","contentHash":"aafb02c4bdc6f99c6bddd48f739b3d5a637d93b35fa333f874c6ddcd514e9161"},"C:\\Users\\F\\Desktop\\berkas bootcamp\\latihan coding\\HTML\\week18\\src\\helper\\env.js":{"path":"C:\\Users\\F\\Desktop\\berkas bootcamp\\latihan coding\\HTML\\week18\\src\\helper\\env.js","statementMap":{"0":{"start":{"line":1,"column":0},"end":{"line":1,"column":27}},"1":{"start":{"line":3,"column":12},"end":{"line":9,"column":1}},"2":{"start":{"line":11,"column":0},"end":{"line":11,"column":21}}},"fnMap":{},"branchMap":{},"s":{"0":1,"1":1,"2":1},"f":{},"b":{},"_coverageSchema":"1a1c01bbd47fc00a2c39e90264f33305004495a9","hash":"60408fb52b4d42566897a31adc0e93b0541a1ea7","contentHash":"d5cafcc1af78c86fb50951524d4173f430dbfb7b43de96be23ad4c9df6421233"},"C:\\Users\\F\\Desktop\\berkas bootcamp\\latihan coding\\HTML\\week18\\src\\helper\\response.js":{"path":"C:\\Users\\F\\Desktop\\berkas bootcamp\\latihan coding\\HTML\\week18\\src\\helper\\response.js","statementMap":{"0":{"start":{"line":1,"column":25},"end":{"line":77,"column":1}},"1":{"start":{"line":3,"column":21},"end":{"line":8,"column":5}},"2":{"start":{"line":9,"column":4},"end":{"line":9,"column":35}},"3":{"start":{"line":12,"column":21},"end":{"line":18,"column":5}},"4":{"start":{"line":19,"column":4},"end":{"line":19,"column":35}},"5":{"start":{"line":22,"column":4},"end":{"line":75,"column":5}},"6":{"start":{"line":23,"column":23},"end":{"line":29,"column":7}},"7":{"start":{"line":30,"column":6},"end":{"line":30,"column":37}},"8":{"start":{"line":31,"column":11},"end":{"line":75,"column":5}},"9":{"start":{"line":32,"column":23},"end":{"line":38,"column":7}},"10":{"start":{"line":39,"column":6},"end":{"line":39,"column":37}},"11":{"start":{"line":40,"column":11},"end":{"line":75,"column":5}},"12":{"start":{"line":41,"column":23},"end":{"line":46,"column":7}},"13":{"start":{"line":47,"column":6},"end":{"line":47,"column":37}},"14":{"start":{"line":48,"column":11},"end":{"line":75,"column":5}},"15":{"start":{"line":49,"column":23},"end":{"line":55,"column":7}},"16":{"start":{"line":56,"column":6},"end":{"line":56,"column":37}},"17":{"start":{"line":57,"column":11},"end":{"line":75,"column":5}},"18":{"start":{"line":58,"column":23},"end":{"line":64,"column":7}},"19":{"start":{"line":65,"column":6},"end":{"line":65,"column":37}},"20":{"start":{"line":66,"column":11},"end":{"line":75,"column":5}},"21":{"start":{"line":67,"column":23},"end":{"line":73,"column":7}},"22":{"start":{"line":74,"column":6},"end":{"line":74,"column":37}},"23":{"start":{"line":79,"column":0},"end":{"line":79,"column":34}}},"fnMap":{"0":{"name":"(anonymous_0)","decl":{"start":{"line":2,"column":11},"end":{"line":2,"column":12}},"loc":{"start":{"line":2,"column":35},"end":{"line":10,"column":3}},"line":2},"1":{"name":"(anonymous_1)","decl":{"start":{"line":11,"column":16},"end":{"line":11,"column":17}},"loc":{"start":{"line":11,"column":38},"end":{"line":20,"column":3}},"line":11},"2":{"name":"(anonymous_2)","decl":{"start":{"line":21,"column":10},"end":{"line":21,"column":11}},"loc":{"start":{"line":21,"column":30},"end":{"line":76,"column":3}},"line":21}},"branchMap":{"0":{"loc":{"start":{"line":22,"column":4},"end":{"line":75,"column":5}},"type":"if","locations":[{"start":{"line":22,"column":4},"end":{"line":75,"column":5}},{"start":{"line":22,"column":4},"end":{"line":75,"column":5}}],"line":22},"1":{"loc":{"start":{"line":31,"column":11},"end":{"line":75,"column":5}},"type":"if","locations":[{"start":{"line":31,"column":11},"end":{"line":75,"column":5}},{"start":{"line":31,"column":11},"end":{"line":75,"column":5}}],"line":31},"2":{"loc":{"start":{"line":40,"column":11},"end":{"line":75,"column":5}},"type":"if","locations":[{"start":{"line":40,"column":11},"end":{"line":75,"column":5}},{"start":{"line":40,"column":11},"end":{"line":75,"column":5}}],"line":40},"3":{"loc":{"start":{"line":48,"column":11},"end":{"line":75,"column":5}},"type":"if","locations":[{"start":{"line":48,"column":11},"end":{"line":75,"column":5}},{"start":{"line":48,"column":11},"end":{"line":75,"column":5}}],"line":48},"4":{"loc":{"start":{"line":57,"column":11},"end":{"line":75,"column":5}},"type":"if","locations":[{"start":{"line":57,"column":11},"end":{"line":75,"column":5}},{"start":{"line":57,"column":11},"end":{"line":75,"column":5}}],"line":57},"5":{"loc":{"start":{"line":66,"column":11},"end":{"line":75,"column":5}},"type":"if","locations":[{"start":{"line":66,"column":11},"end":{"line":75,"column":5}},{"start":{"line":66,"column":11},"end":{"line":75,"column":5}}],"line":66}},"s":{"0":1,"1":18,"2":18,"3":18,"4":18,"5":2,"6":0,"7":0,"8":2,"9":0,"10":0,"11":2,"12":0,"13":0,"14":2,"15":0,"16":0,"17":2,"18":2,"19":2,"20":0,"21":0,"22":0,"23":1},"f":{"0":18,"1":18,"2":2},"b":{"0":[0,2],"1":[0,2],"2":[0,2],"3":[0,2],"4":[2,0],"5":[0,0]},"_coverageSchema":"1a1c01bbd47fc00a2c39e90264f33305004495a9","hash":"c995a35bb3576d778eadc658e36db5358828e371","contentHash":"648bd23a5cbbae370a67b2adf1fb593dc7f765b91dc6d8384f5f9c794391b0ea"},"C:\\Users\\F\\Desktop\\berkas bootcamp\\latihan coding\\HTML\\week18\\src\\middleware\\auth.js":{"path":"C:\\Users\\F\\Desktop\\berkas bootcamp\\latihan coding\\HTML\\week18\\src\\middleware\\auth.js","statementMap":{"0":{"start":{"line":1,"column":12},"end":{"line":1,"column":35}},"1":{"start":{"line":2,"column":19},"end":{"line":2,"column":48}},"2":{"start":{"line":3,"column":12},"end":{"line":3,"column":36}},"3":{"start":{"line":5,"column":16},"end":{"line":16,"column":1}},"4":{"start":{"line":6,"column":22},"end":{"line":6,"column":25}},"5":{"start":{"line":7,"column":20},"end":{"line":7,"column":27}},"6":{"start":{"line":8,"column":2},"end":{"line":15,"column":5}},"7":{"start":{"line":9,"column":4},"end":{"line":14,"column":5}},"8":{"start":{"line":10,"column":6},"end":{"line":10,"column":38}},"9":{"start":{"line":12,"column":6},"end":{"line":12,"column":30}},"10":{"start":{"line":13,"column":6},"end":{"line":13,"column":13}},"11":{"start":{"line":18,"column":0},"end":{"line":18,"column":25}}},"fnMap":{"0":{"name":"(anonymous_0)","decl":{"start":{"line":5,"column":16},"end":{"line":5,"column":17}},"loc":{"start":{"line":5,"column":36},"end":{"line":16,"column":1}},"line":5},"1":{"name":"(anonymous_1)","decl":{"start":{"line":8,"column":33},"end":{"line":8,"column":34}},"loc":{"start":{"line":8,"column":51},"end":{"line":15,"column":3}},"line":8}},"branchMap":{"0":{"loc":{"start":{"line":9,"column":4},"end":{"line":14,"column":5}},"type":"if","locations":[{"start":{"line":9,"column":4},"end":{"line":14,"column":5}},{"start":{"line":9,"column":4},"end":{"line":14,"column":5}}],"line":9}},"s":{"0":1,"1":1,"2":1,"3":1,"4":17,"5":17,"6":17,"7":17,"8":0,"9":17,"10":17,"11":1},"f":{"0":17,"1":17},"b":{"0":[0,17]},"_coverageSchema":"1a1c01bbd47fc00a2c39e90264f33305004495a9","hash":"ebd71f2a552cbf79d1ee08d14e786e5124088513","contentHash":"17e45bc0b925baa4175f79e8b1758ef2f10f740a1934484152e3a506e32896f7"},"C:\\Users\\F\\Desktop\\berkas bootcamp\\latihan coding\\HTML\\week18\\src\\middleware\\upload.js":{"path":"C:\\Users\\F\\Desktop\\berkas bootcamp\\latihan coding\\HTML\\week18\\src\\middleware\\upload.js","statementMap":{"0":{"start":{"line":1,"column":15},"end":{"line":1,"column":32}},"1":{"start":{"line":2,"column":13},"end":{"line":2,"column":28}},"2":{"start":{"line":4,"column":18},"end":{"line":14,"column":2}},"3":{"start":{"line":7,"column":6},"end":{"line":7,"column":28}},"4":{"start":{"line":10,"column":18},"end":{"line":10,"column":49}},"5":{"start":{"line":11,"column":6},"end":{"line":11,"column":59}},"6":{"start":{"line":16,"column":15},"end":{"line":25,"column":1}},"7":{"start":{"line":17,"column":23},"end":{"line":17,"column":46}},"8":{"start":{"line":18,"column":2},"end":{"line":24,"column":5}},"9":{"start":{"line":19,"column":4},"end":{"line":23,"column":5}},"10":{"start":{"line":20,"column":6},"end":{"line":20,"column":20}},"11":{"start":{"line":22,"column":6},"end":{"line":22,"column":13}},"12":{"start":{"line":27,"column":0},"end":{"line":27,"column":24}}},"fnMap":{"0":{"name":"(anonymous_0)","decl":{"start":{"line":6,"column":17},"end":{"line":6,"column":18}},"loc":{"start":{"line":6,"column":36},"end":{"line":8,"column":5}},"line":6},"1":{"name":"(anonymous_1)","decl":{"start":{"line":9,"column":14},"end":{"line":9,"column":15}},"loc":{"start":{"line":9,"column":33},"end":{"line":12,"column":5}},"line":9},"2":{"name":"(anonymous_2)","decl":{"start":{"line":16,"column":15},"end":{"line":16,"column":16}},"loc":{"start":{"line":16,"column":35},"end":{"line":25,"column":1}},"line":16},"3":{"name":"(anonymous_3)","decl":{"start":{"line":18,"column":25},"end":{"line":18,"column":26}},"loc":{"start":{"line":18,"column":34},"end":{"line":24,"column":3}},"line":18}},"branchMap":{"0":{"loc":{"start":{"line":19,"column":4},"end":{"line":23,"column":5}},"type":"if","locations":[{"start":{"line":19,"column":4},"end":{"line":23,"column":5}},{"start":{"line":19,"column":4},"end":{"line":23,"column":5}}],"line":19}},"s":{"0":1,"1":1,"2":1,"3":4,"4":4,"5":4,"6":1,"7":4,"8":4,"9":4,"10":0,"11":4,"12":1},"f":{"0":4,"1":4,"2":4,"3":4},"b":{"0":[0,4]},"_coverageSchema":"1a1c01bbd47fc00a2c39e90264f33305004495a9","hash":"6dd477896d0a878599c1a96fb7df02d55cd87623","contentHash":"b5e68c9f6c6765f8d462bc004cd699b98a6a2f0dad790e4648b4ea7edffdebcc"},"C:\\Users\\F\\Desktop\\berkas bootcamp\\latihan coding\\HTML\\week18\\src\\routers\\productrouter.js":{"path":"C:\\Users\\F\\Desktop\\berkas bootcamp\\latihan coding\\HTML\\week18\\src\\routers\\productrouter.js","statementMap":{"0":{"start":{"line":3,"column":16},"end":{"line":3,"column":34}},"1":{"start":{"line":4,"column":16},"end":{"line":4,"column":53}},"2":{"start":{"line":5,"column":16},"end":{"line":5,"column":45}},"3":{"start":{"line":6,"column":22},"end":{"line":6,"column":60}},"4":{"start":{"line":7,"column":15},"end":{"line":7,"column":46}},"5":{"start":{"line":9,"column":18},"end":{"line":9,"column":34}},"6":{"start":{"line":10,"column":0},"end":{"line":15,"column":79}},"7":{"start":{"line":17,"column":0},"end":{"line":17,"column":27}}},"fnMap":{},"branchMap":{},"s":{"0":1,"1":1,"2":1,"3":1,"4":1,"5":1,"6":1,"7":1},"f":{},"b":{},"_coverageSchema":"1a1c01bbd47fc00a2c39e90264f33305004495a9","hash":"5773a41200fad16773f31cdbc7196713cbd60b3f","contentHash":"c63e5090310e53e28b35e5c71c6c7ff887399a6865b721bd8e6ee74f9cb7529c"},"C:\\Users\\F\\Desktop\\berkas bootcamp\\latihan coding\\HTML\\week18\\src\\controllers\\productctrl.js":{"path":"C:\\Users\\F\\Desktop\\berkas bootcamp\\latihan coding\\HTML\\week18\\src\\controllers\\productctrl.js","statementMap":{"0":{"start":{"line":1,"column":11},"end":{"line":1,"column":24}},"1":{"start":{"line":2,"column":10},"end":{"line":2,"column":27}},"2":{"start":{"line":3,"column":14},"end":{"line":3,"column":30}},"3":{"start":{"line":5,"column":15},"end":{"line":8,"column":2}},"4":{"start":{"line":9,"column":0},"end":{"line":12,"column":3}},"5":{"start":{"line":11,"column":2},"end":{"line":11,"column":19}},"6":{"start":{"line":13,"column":15},"end":{"line":13,"column":48}},"7":{"start":{"line":14,"column":28},"end":{"line":14,"column":57}},"8":{"start":{"line":17,"column":20},"end":{"line":155,"column":1}},"9":{"start":{"line":20,"column":4},"end":{"line":65,"column":5}},"10":{"start":{"line":21,"column":24},"end":{"line":21,"column":27}},"11":{"start":{"line":22,"column":21},"end":{"line":22,"column":67}},"12":{"start":{"line":23,"column":20},"end":{"line":23,"column":71}},"13":{"start":{"line":24,"column":19},"end":{"line":24,"column":64}},"14":{"start":{"line":25,"column":20},"end":{"line":25,"column":78}},"15":{"start":{"line":26,"column":19},"end":{"line":26,"column":46}},"16":{"start":{"line":27,"column":21},"end":{"line":27,"column":56}},"17":{"start":{"line":28,"column":6},"end":{"line":62,"column":9}},"18":{"start":{"line":29,"column":8},"end":{"line":61,"column":9}},"19":{"start":{"line":30,"column":10},"end":{"line":30,"column":37}},"20":{"start":{"line":31,"column":15},"end":{"line":61,"column":9}},"21":{"start":{"line":32,"column":10},"end":{"line":48,"column":15}},"22":{"start":{"line":33,"column":26},"end":{"line":33,"column":49}},"23":{"start":{"line":34,"column":28},"end":{"line":34,"column":49}},"24":{"start":{"line":35,"column":27},"end":{"line":41,"column":13}},"25":{"start":{"line":43,"column":12},"end":{"line":43,"column":59}},"26":{"start":{"line":44,"column":12},"end":{"line":44,"column":61}},"27":{"start":{"line":47,"column":14},"end":{"line":47,"column":36}},"28":{"start":{"line":50,"column":27},"end":{"line":50,"column":50}},"29":{"start":{"line":51,"column":29},"end":{"line":51,"column":82}},"30":{"start":{"line":51,"column":55},"end":{"line":51,"column":81}},"31":{"start":{"line":52,"column":28},"end":{"line":52,"column":71}},"32":{"start":{"line":53,"column":25},"end":{"line":53,"column":51}},"33":{"start":{"line":54,"column":25},"end":{"line":59,"column":11}},"34":{"start":{"line":60,"column":10},"end":{"line":60,"column":42}},"35":{"start":{"line":64,"column":6},"end":{"line":64,"column":28}},"36":{"start":{"line":69,"column":4},"end":{"line":79,"column":5}},"37":{"start":{"line":70,"column":21},"end":{"line":70,"column":31}},"38":{"start":{"line":71,"column":6},"end":{"line":76,"column":11}},"39":{"start":{"line":72,"column":8},"end":{"line":72,"column":57}},"40":{"start":{"line":75,"column":10},"end":{"line":75,"column":32}},"41":{"start":{"line":78,"column":6},"end":{"line":78,"column":28}},"42":{"start":{"line":83,"column":4},"end":{"line":95,"column":5}},"43":{"start":{"line":84,"column":23},"end":{"line":84,"column":26}},"44":{"start":{"line":85,"column":18},"end":{"line":85,"column":35}},"45":{"start":{"line":86,"column":6},"end":{"line":92,"column":11}},"46":{"start":{"line":87,"column":8},"end":{"line":87,"column":30}},"47":{"start":{"line":88,"column":8},"end":{"line":88,"column":62}},"48":{"start":{"line":91,"column":10},"end":{"line":91,"column":32}},"49":{"start":{"line":94,"column":6},"end":{"line":94,"column":28}},"50":{"start":{"line":99,"column":4},"end":{"line":122,"column":5}},"51":{"start":{"line":100,"column":21},"end":{"line":100,"column":31}},"52":{"start":{"line":101,"column":22},"end":{"line":101,"column":45}},"53":{"start":{"line":102,"column":22},"end":{"line":102,"column":51}},"54":{"start":{"line":103,"column":6},"end":{"line":119,"column":10}},"55":{"start":{"line":104,"column":8},"end":{"line":118,"column":9}},"56":{"start":{"line":105,"column":10},"end":{"line":110,"column":15}},"57":{"start":{"line":106,"column":12},"end":{"line":106,"column":59}},"58":{"start":{"line":109,"column":14},"end":{"line":109,"column":36}},"59":{"start":{"line":112,"column":10},"end":{"line":117,"column":15}},"60":{"start":{"line":113,"column":12},"end":{"line":113,"column":68}},"61":{"start":{"line":116,"column":14},"end":{"line":116,"column":36}},"62":{"start":{"line":121,"column":6},"end":{"line":121,"column":28}},"63":{"start":{"line":126,"column":4},"end":{"line":153,"column":5}},"64":{"start":{"line":127,"column":23},"end":{"line":127,"column":26}},"65":{"start":{"line":128,"column":21},"end":{"line":128,"column":31}},"66":{"start":{"line":129,"column":18},"end":{"line":129,"column":35}},"67":{"start":{"line":130,"column":22},"end":{"line":130,"column":45}},"68":{"start":{"line":131,"column":22},"end":{"line":131,"column":51}},"69":{"start":{"line":132,"column":6},"end":{"line":150,"column":10}},"70":{"start":{"line":133,"column":8},"end":{"line":149,"column":9}},"71":{"start":{"line":134,"column":10},"end":{"line":140,"column":15}},"72":{"start":{"line":135,"column":12},"end":{"line":135,"column":34}},"73":{"start":{"line":136,"column":12},"end":{"line":136,"column":64}},"74":{"start":{"line":139,"column":14},"end":{"line":139,"column":36}},"75":{"start":{"line":142,"column":10},"end":{"line":148,"column":15}},"76":{"start":{"line":143,"column":12},"end":{"line":143,"column":34}},"77":{"start":{"line":144,"column":12},"end":{"line":144,"column":64}},"78":{"start":{"line":147,"column":14},"end":{"line":147,"column":36}},"79":{"start":{"line":152,"column":6},"end":{"line":152,"column":28}},"80":{"start":{"line":157,"column":0},"end":{"line":157,"column":29}}},"fnMap":{"0":{"name":"(anonymous_0)","decl":{"start":{"line":9,"column":19},"end":{"line":9,"column":20}},"loc":{"start":{"line":9,"column":28},"end":{"line":12,"column":1}},"line":9},"1":{"name":"(anonymous_1)","decl":{"start":{"line":19,"column":11},"end":{"line":19,"column":12}},"loc":{"start":{"line":19,"column":25},"end":{"line":66,"column":3}},"line":19},"2":{"name":"(anonymous_2)","decl":{"start":{"line":28,"column":28},"end":{"line":28,"column":29}},"loc":{"start":{"line":28,"column":55},"end":{"line":62,"column":7}},"line":28},"3":{"name":"(anonymous_3)","decl":{"start":{"line":32,"column":66},"end":{"line":32,"column":67}},"loc":{"start":{"line":32,"column":84},"end":{"line":45,"column":11}},"line":32},"4":{"name":"(anonymous_4)","decl":{"start":{"line":46,"column":19},"end":{"line":46,"column":20}},"loc":{"start":{"line":46,"column":28},"end":{"line":48,"column":13}},"line":46},"5":{"name":"(anonymous_5)","decl":{"start":{"line":51,"column":48},"end":{"line":51,"column":49}},"loc":{"start":{"line":51,"column":55},"end":{"line":51,"column":81}},"line":51},"6":{"name":"(anonymous_6)","decl":{"start":{"line":68,"column":13},"end":{"line":68,"column":14}},"loc":{"start":{"line":68,"column":27},"end":{"line":80,"column":3}},"line":68},"7":{"name":"(anonymous_7)","decl":{"start":{"line":71,"column":32},"end":{"line":71,"column":33}},"loc":{"start":{"line":71,"column":44},"end":{"line":73,"column":7}},"line":71},"8":{"name":"(anonymous_8)","decl":{"start":{"line":74,"column":15},"end":{"line":74,"column":16}},"loc":{"start":{"line":74,"column":24},"end":{"line":76,"column":9}},"line":74},"9":{"name":"(anonymous_9)","decl":{"start":{"line":82,"column":10},"end":{"line":82,"column":11}},"loc":{"start":{"line":82,"column":24},"end":{"line":96,"column":3}},"line":82},"10":{"name":"(anonymous_10)","decl":{"start":{"line":86,"column":36},"end":{"line":86,"column":37}},"loc":{"start":{"line":86,"column":48},"end":{"line":89,"column":7}},"line":86},"11":{"name":"(anonymous_11)","decl":{"start":{"line":90,"column":15},"end":{"line":90,"column":16}},"loc":{"start":{"line":90,"column":24},"end":{"line":92,"column":9}},"line":90},"12":{"name":"(anonymous_12)","decl":{"start":{"line":98,"column":7},"end":{"line":98,"column":8}},"loc":{"start":{"line":98,"column":27},"end":{"line":123,"column":3}},"line":98},"13":{"name":"(anonymous_13)","decl":{"start":{"line":103,"column":26},"end":{"line":103,"column":27}},"loc":{"start":{"line":103,"column":38},"end":{"line":119,"column":7}},"line":103},"14":{"name":"(anonymous_14)","decl":{"start":{"line":105,"column":30},"end":{"line":105,"column":31}},"loc":{"start":{"line":105,"column":42},"end":{"line":107,"column":11}},"line":105},"15":{"name":"(anonymous_15)","decl":{"start":{"line":108,"column":19},"end":{"line":108,"column":20}},"loc":{"start":{"line":108,"column":28},"end":{"line":110,"column":13}},"line":108},"16":{"name":"(anonymous_16)","decl":{"start":{"line":112,"column":30},"end":{"line":112,"column":31}},"loc":{"start":{"line":112,"column":42},"end":{"line":114,"column":11}},"line":112},"17":{"name":"(anonymous_17)","decl":{"start":{"line":115,"column":19},"end":{"line":115,"column":20}},"loc":{"start":{"line":115,"column":28},"end":{"line":117,"column":13}},"line":115},"18":{"name":"(anonymous_18)","decl":{"start":{"line":125,"column":10},"end":{"line":125,"column":11}},"loc":{"start":{"line":125,"column":30},"end":{"line":154,"column":3}},"line":125},"19":{"name":"(anonymous_19)","decl":{"start":{"line":132,"column":26},"end":{"line":132,"column":27}},"loc":{"start":{"line":132,"column":38},"end":{"line":150,"column":7}},"line":132},"20":{"name":"(anonymous_20)","decl":{"start":{"line":134,"column":44},"end":{"line":134,"column":45}},"loc":{"start":{"line":134,"column":56},"end":{"line":137,"column":11}},"line":134},"21":{"name":"(anonymous_21)","decl":{"start":{"line":138,"column":19},"end":{"line":138,"column":20}},"loc":{"start":{"line":138,"column":28},"end":{"line":140,"column":13}},"line":138},"22":{"name":"(anonymous_22)","decl":{"start":{"line":142,"column":44},"end":{"line":142,"column":45}},"loc":{"start":{"line":142,"column":56},"end":{"line":145,"column":11}},"line":142},"23":{"name":"(anonymous_23)","decl":{"start":{"line":146,"column":19},"end":{"line":146,"column":20}},"loc":{"start":{"line":146,"column":28},"end":{"line":148,"column":13}},"line":146}},"branchMap":{"0":{"loc":{"start":{"line":22,"column":21},"end":{"line":22,"column":67}},"type":"cond-expr","locations":[{"start":{"line":22,"column":50},"end":{"line":22,"column":52}},{"start":{"line":22,"column":55},"end":{"line":22,"column":67}}],"line":22},"1":{"loc":{"start":{"line":23,"column":20},"end":{"line":23,"column":71}},"type":"cond-expr","locations":[{"start":{"line":23,"column":48},"end":{"line":23,"column":57}},{"start":{"line":23,"column":60},"end":{"line":23,"column":71}}],"line":23},"2":{"loc":{"start":{"line":24,"column":19},"end":{"line":24,"column":64}},"type":"cond-expr","locations":[{"start":{"line":24,"column":46},"end":{"line":24,"column":51}},{"start":{"line":24,"column":54},"end":{"line":24,"column":64}}],"line":24},"3":{"loc":{"start":{"line":25,"column":20},"end":{"line":25,"column":78}},"type":"cond-expr","locations":[{"start":{"line":25,"column":48},"end":{"line":25,"column":50}},{"start":{"line":25,"column":53},"end":{"line":25,"column":78}}],"line":25},"4":{"loc":{"start":{"line":26,"column":19},"end":{"line":26,"column":46}},"type":"cond-expr","locations":[{"start":{"line":26,"column":32},"end":{"line":26,"column":42}},{"start":{"line":26,"column":45},"end":{"line":26,"column":46}}],"line":26},"5":{"loc":{"start":{"line":27,"column":21},"end":{"line":27,"column":56}},"type":"cond-expr","locations":[{"start":{"line":27,"column":34},"end":{"line":27,"column":35}},{"start":{"line":27,"column":38},"end":{"line":27,"column":56}}],"line":27},"6":{"loc":{"start":{"line":29,"column":8},"end":{"line":61,"column":9}},"type":"if","locations":[{"start":{"line":29,"column":8},"end":{"line":61,"column":9}},{"start":{"line":29,"column":8},"end":{"line":61,"column":9}}],"line":29},"7":{"loc":{"start":{"line":31,"column":15},"end":{"line":61,"column":9}},"type":"if","locations":[{"start":{"line":31,"column":15},"end":{"line":61,"column":9}},{"start":{"line":31,"column":15},"end":{"line":61,"column":9}}],"line":31},"8":{"loc":{"start":{"line":104,"column":8},"end":{"line":118,"column":9}},"type":"if","locations":[{"start":{"line":104,"column":8},"end":{"line":118,"column":9}},{"start":{"line":104,"column":8},"end":{"line":118,"column":9}}],"line":104},"9":{"loc":{"start":{"line":133,"column":8},"end":{"line":149,"column":9}},"type":"if","locations":[{"start":{"line":133,"column":8},"end":{"line":149,"column":9}},{"start":{"line":133,"column":8},"end":{"line":149,"column":9}}],"line":133}},"s":{"0":1,"1":1,"2":1,"3":1,"4":1,"5":0,"6":1,"7":1,"8":1,"9":1,"10":1,"11":1,"12":1,"13":1,"14":1,"15":1,"16":1,"17":1,"18":1,"19":0,"20":1,"21":1,"22":1,"23":1,"24":1,"25":1,"26":1,"27":0,"28":0,"29":0,"30":0,"31":0,"32":0,"33":0,"34":0,"35":0,"36":1,"37":1,"38":1,"39":1,"40":0,"41":0,"42":1,"43":1,"44":1,"45":1,"46":1,"47":1,"48":0,"49":0,"50":1,"51":1,"52":1,"53":1,"54":0,"55":0,"56":0,"57":0,"58":0,"59":0,"60":0,"61":0,"62":1,"63":1,"64":1,"65":1,"66":1,"67":1,"68":1,"69":1,"70":1,"71":0,"72":0,"73":0,"74":0,"75":1,"76":1,"77":1,"78":0,"79":0,"80":1},"f":{"0":0,"1":1,"2":1,"3":1,"4":0,"5":0,"6":1,"7":1,"8":0,"9":1,"10":1,"11":0,"12":1,"13":0,"14":0,"15":0,"16":0,"17":0,"18":1,"19":1,"20":0,"21":0,"22":1,"23":0},"b":{"0":[1,0],"1":[1,0],"2":[1,0],"3":[1,0],"4":[0,1],"5":[1,0],"6":[0,1],"7":[1,0],"8":[0,0],"9":[0,1]},"_coverageSchema":"1a1c01bbd47fc00a2c39e90264f33305004495a9","hash":"b477e60d503b2f923d393d22a255295fceafae44","contentHash":"54784093bcc24b67b350e1c19a67bda71b2d0a63da7bc147c31123d2bf6d31a1"},"C:\\Users\\F\\Desktop\\berkas bootcamp\\latihan coding\\HTML\\week18\\src\\models\\productmodel.js":{"path":"C:\\Users\\F\\Desktop\\berkas bootcamp\\latihan coding\\HTML\\week18\\src\\models\\productmodel.js","statementMap":{"0":{"start":{"line":2,"column":11},"end":{"line":2,"column":34}},"1":{"start":{"line":4,"column":17},"end":{"line":77,"column":1}},"2":{"start":{"line":5,"column":18},"end":{"line":13,"column":4}},"3":{"start":{"line":6,"column":4},"end":{"line":12,"column":7}},"4":{"start":{"line":7,"column":6},"end":{"line":11,"column":7}},"5":{"start":{"line":8,"column":8},"end":{"line":8,"column":20}},"6":{"start":{"line":10,"column":8},"end":{"line":10,"column":31}},"7":{"start":{"line":14,"column":16},"end":{"line":22,"column":4}},"8":{"start":{"line":15,"column":4},"end":{"line":21,"column":7}},"9":{"start":{"line":16,"column":6},"end":{"line":20,"column":7}},"10":{"start":{"line":17,"column":8},"end":{"line":17,"column":20}},"11":{"start":{"line":19,"column":8},"end":{"line":19,"column":24}},"12":{"start":{"line":23,"column":51},"end":{"line":31,"column":4}},"13":{"start":{"line":24,"column":4},"end":{"line":30,"column":7}},"14":{"start":{"line":25,"column":6},"end":{"line":29,"column":7}},"15":{"start":{"line":26,"column":8},"end":{"line":26,"column":20}},"16":{"start":{"line":28,"column":8},"end":{"line":28,"column":24}},"17":{"start":{"line":32,"column":21},"end":{"line":40,"column":4}},"18":{"start":{"line":33,"column":4},"end":{"line":39,"column":7}},"19":{"start":{"line":34,"column":6},"end":{"line":38,"column":7}},"20":{"start":{"line":35,"column":8},"end":{"line":35,"column":20}},"21":{"start":{"line":37,"column":8},"end":{"line":37,"column":24}},"22":{"start":{"line":41,"column":18},"end":{"line":49,"column":4}},"23":{"start":{"line":42,"column":4},"end":{"line":48,"column":7}},"24":{"start":{"line":43,"column":6},"end":{"line":47,"column":7}},"25":{"start":{"line":44,"column":8},"end":{"line":44,"column":20}},"26":{"start":{"line":46,"column":8},"end":{"line":46,"column":24}},"27":{"start":{"line":50,"column":25},"end":{"line":58,"column":4}},"28":{"start":{"line":51,"column":4},"end":{"line":57,"column":7}},"29":{"start":{"line":52,"column":6},"end":{"line":56,"column":7}},"30":{"start":{"line":53,"column":8},"end":{"line":53,"column":20}},"31":{"start":{"line":55,"column":8},"end":{"line":55,"column":24}},"32":{"start":{"line":59,"column":15},"end":{"line":67,"column":4}},"33":{"start":{"line":60,"column":4},"end":{"line":66,"column":7}},"34":{"start":{"line":61,"column":6},"end":{"line":65,"column":7}},"35":{"start":{"line":62,"column":8},"end":{"line":62,"column":20}},"36":{"start":{"line":64,"column":8},"end":{"line":64,"column":24}},"37":{"start":{"line":68,"column":29},"end":{"line":76,"column":4}},"38":{"start":{"line":69,"column":4},"end":{"line":75,"column":7}},"39":{"start":{"line":70,"column":6},"end":{"line":74,"column":7}},"40":{"start":{"line":71,"column":8},"end":{"line":71,"column":20}},"41":{"start":{"line":73,"column":8},"end":{"line":73,"column":24}},"42":{"start":{"line":79,"column":0},"end":{"line":79,"column":26}}},"fnMap":{"0":{"name":"(anonymous_0)","decl":{"start":{"line":5,"column":12},"end":{"line":5,"column":13}},"loc":{"start":{"line":5,"column":18},"end":{"line":13,"column":4}},"line":5},"1":{"name":"(anonymous_1)","decl":{"start":{"line":5,"column":30},"end":{"line":5,"column":31}},"loc":{"start":{"line":5,"column":51},"end":{"line":13,"column":3}},"line":5},"2":{"name":"(anonymous_2)","decl":{"start":{"line":6,"column":38},"end":{"line":6,"column":39}},"loc":{"start":{"line":6,"column":55},"end":{"line":12,"column":5}},"line":6},"3":{"name":"(anonymous_3)","decl":{"start":{"line":14,"column":10},"end":{"line":14,"column":11}},"loc":{"start":{"line":14,"column":16},"end":{"line":22,"column":4}},"line":14},"4":{"name":"(anonymous_4)","decl":{"start":{"line":14,"column":28},"end":{"line":14,"column":29}},"loc":{"start":{"line":14,"column":49},"end":{"line":22,"column":3}},"line":14},"5":{"name":"(anonymous_5)","decl":{"start":{"line":15,"column":38},"end":{"line":15,"column":39}},"loc":{"start":{"line":15,"column":55},"end":{"line":21,"column":5}},"line":15},"6":{"name":"(anonymous_6)","decl":{"start":{"line":23,"column":11},"end":{"line":23,"column":12}},"loc":{"start":{"line":23,"column":51},"end":{"line":31,"column":4}},"line":23},"7":{"name":"(anonymous_7)","decl":{"start":{"line":23,"column":63},"end":{"line":23,"column":64}},"loc":{"start":{"line":23,"column":84},"end":{"line":31,"column":3}},"line":23},"8":{"name":"(anonymous_8)","decl":{"start":{"line":24,"column":232},"end":{"line":24,"column":233}},"loc":{"start":{"line":24,"column":255},"end":{"line":30,"column":5}},"line":24},"9":{"name":"(anonymous_9)","decl":{"start":{"line":32,"column":13},"end":{"line":32,"column":14}},"loc":{"start":{"line":32,"column":21},"end":{"line":40,"column":4}},"line":32},"10":{"name":"(anonymous_10)","decl":{"start":{"line":32,"column":33},"end":{"line":32,"column":34}},"loc":{"start":{"line":32,"column":54},"end":{"line":40,"column":3}},"line":32},"11":{"name":"(anonymous_11)","decl":{"start":{"line":33,"column":55},"end":{"line":33,"column":56}},"loc":{"start":{"line":33,"column":72},"end":{"line":39,"column":5}},"line":33},"12":{"name":"(anonymous_12)","decl":{"start":{"line":41,"column":10},"end":{"line":41,"column":11}},"loc":{"start":{"line":41,"column":18},"end":{"line":49,"column":4}},"line":41},"13":{"name":"(anonymous_13)","decl":{"start":{"line":41,"column":30},"end":{"line":41,"column":31}},"loc":{"start":{"line":41,"column":51},"end":{"line":49,"column":3}},"line":41},"14":{"name":"(anonymous_14)","decl":{"start":{"line":42,"column":57},"end":{"line":42,"column":58}},"loc":{"start":{"line":42,"column":74},"end":{"line":48,"column":5}},"line":42},"15":{"name":"(anonymous_15)","decl":{"start":{"line":50,"column":10},"end":{"line":50,"column":11}},"loc":{"start":{"line":50,"column":25},"end":{"line":58,"column":4}},"line":50},"16":{"name":"(anonymous_16)","decl":{"start":{"line":50,"column":37},"end":{"line":50,"column":38}},"loc":{"start":{"line":50,"column":58},"end":{"line":58,"column":3}},"line":50},"17":{"name":"(anonymous_17)","decl":{"start":{"line":51,"column":191},"end":{"line":51,"column":192}},"loc":{"start":{"line":51,"column":208},"end":{"line":57,"column":5}},"line":51},"18":{"name":"(anonymous_18)","decl":{"start":{"line":59,"column":7},"end":{"line":59,"column":8}},"loc":{"start":{"line":59,"column":15},"end":{"line":67,"column":4}},"line":59},"19":{"name":"(anonymous_19)","decl":{"start":{"line":59,"column":27},"end":{"line":59,"column":28}},"loc":{"start":{"line":59,"column":48},"end":{"line":67,"column":3}},"line":59},"20":{"name":"(anonymous_20)","decl":{"start":{"line":60,"column":53},"end":{"line":60,"column":54}},"loc":{"start":{"line":60,"column":70},"end":{"line":66,"column":5}},"line":60},"21":{"name":"(anonymous_21)","decl":{"start":{"line":68,"column":10},"end":{"line":68,"column":11}},"loc":{"start":{"line":68,"column":29},"end":{"line":76,"column":4}},"line":68},"22":{"name":"(anonymous_22)","decl":{"start":{"line":68,"column":41},"end":{"line":68,"column":42}},"loc":{"start":{"line":68,"column":62},"end":{"line":76,"column":3}},"line":68},"23":{"name":"(anonymous_23)","decl":{"start":{"line":69,"column":193},"end":{"line":69,"column":194}},"loc":{"start":{"line":69,"column":210},"end":{"line":75,"column":5}},"line":69}},"branchMap":{"0":{"loc":{"start":{"line":7,"column":6},"end":{"line":11,"column":7}},"type":"if","locations":[{"start":{"line":7,"column":6},"end":{"line":11,"column":7}},{"start":{"line":7,"column":6},"end":{"line":11,"column":7}}],"line":7},"1":{"loc":{"start":{"line":16,"column":6},"end":{"line":20,"column":7}},"type":"if","locations":[{"start":{"line":16,"column":6},"end":{"line":20,"column":7}},{"start":{"line":16,"column":6},"end":{"line":20,"column":7}}],"line":16},"2":{"loc":{"start":{"line":25,"column":6},"end":{"line":29,"column":7}},"type":"if","locations":[{"start":{"line":25,"column":6},"end":{"line":29,"column":7}},{"start":{"line":25,"column":6},"end":{"line":29,"column":7}}],"line":25},"3":{"loc":{"start":{"line":34,"column":6},"end":{"line":38,"column":7}},"type":"if","locations":[{"start":{"line":34,"column":6},"end":{"line":38,"column":7}},{"start":{"line":34,"column":6},"end":{"line":38,"column":7}}],"line":34},"4":{"loc":{"start":{"line":43,"column":6},"end":{"line":47,"column":7}},"type":"if","locations":[{"start":{"line":43,"column":6},"end":{"line":47,"column":7}},{"start":{"line":43,"column":6},"end":{"line":47,"column":7}}],"line":43},"5":{"loc":{"start":{"line":52,"column":6},"end":{"line":56,"column":7}},"type":"if","locations":[{"start":{"line":52,"column":6},"end":{"line":56,"column":7}},{"start":{"line":52,"column":6},"end":{"line":56,"column":7}}],"line":52},"6":{"loc":{"start":{"line":61,"column":6},"end":{"line":65,"column":7}},"type":"if","locations":[{"start":{"line":61,"column":6},"end":{"line":65,"column":7}},{"start":{"line":61,"column":6},"end":{"line":65,"column":7}}],"line":61},"7":{"loc":{"start":{"line":70,"column":6},"end":{"line":74,"column":7}},"type":"if","locations":[{"start":{"line":70,"column":6},"end":{"line":74,"column":7}},{"start":{"line":70,"column":6},"end":{"line":74,"column":7}}],"line":70}},"s":{"0":1,"1":1,"2":1,"3":1,"4":1,"5":0,"6":1,"7":1,"8":1,"9":1,"10":0,"11":1,"12":1,"13":1,"14":1,"15":0,"16":1,"17":1,"18":1,"19":1,"20":0,"21":1,"22":2,"23":2,"24":2,"25":0,"26":2,"27":1,"28":1,"29":1,"30":0,"31":1,"32":0,"33":0,"34":0,"35":0,"36":0,"37":1,"38":1,"39":1,"40":0,"41":1,"42":1},"f":{"0":1,"1":1,"2":1,"3":1,"4":1,"5":1,"6":1,"7":1,"8":1,"9":1,"10":1,"11":1,"12":2,"13":2,"14":2,"15":1,"16":1,"17":1,"18":0,"19":0,"20":0,"21":1,"22":1,"23":1},"b":{"0":[0,1],"1":[0,1],"2":[0,1],"3":[0,1],"4":[0,2],"5":[0,1],"6":[0,0],"7":[0,1]},"_coverageSchema":"1a1c01bbd47fc00a2c39e90264f33305004495a9","hash":"0152ebe57b891e4b53e279063f86e7b5a7fbeaae","contentHash":"96e8bb81d2a83a4734424d4f4e4d7fe5e619bdbb3910ede581eeda3fb77d7933"},"C:\\Users\\F\\Desktop\\berkas bootcamp\\latihan coding\\HTML\\week18\\src\\middleware\\authorization.js":{"path":"C:\\Users\\F\\Desktop\\berkas bootcamp\\latihan coding\\HTML\\week18\\src\\middleware\\authorization.js","statementMap":{"0":{"start":{"line":2,"column":19},"end":{"line":2,"column":48}},"1":{"start":{"line":3,"column":15},"end":{"line":3,"column":45}},"2":{"start":{"line":5,"column":22},"end":{"line":23,"column":1}},"3":{"start":{"line":7,"column":4},"end":{"line":21,"column":5}},"4":{"start":{"line":8,"column":17},"end":{"line":8,"column":27}},"5":{"start":{"line":9,"column":6},"end":{"line":18,"column":11}},"6":{"start":{"line":10,"column":8},"end":{"line":14,"column":9}},"7":{"start":{"line":11,"column":10},"end":{"line":11,"column":17}},"8":{"start":{"line":13,"column":10},"end":{"line":13,"column":76}},"9":{"start":{"line":17,"column":10},"end":{"line":17,"column":32}},"10":{"start":{"line":20,"column":6},"end":{"line":20,"column":28}},"11":{"start":{"line":25,"column":0},"end":{"line":25,"column":31}}},"fnMap":{"0":{"name":"(anonymous_0)","decl":{"start":{"line":6,"column":11},"end":{"line":6,"column":12}},"loc":{"start":{"line":6,"column":31},"end":{"line":22,"column":3}},"line":6},"1":{"name":"(anonymous_1)","decl":{"start":{"line":9,"column":32},"end":{"line":9,"column":33}},"loc":{"start":{"line":9,"column":44},"end":{"line":15,"column":7}},"line":9},"2":{"name":"(anonymous_2)","decl":{"start":{"line":16,"column":15},"end":{"line":16,"column":16}},"loc":{"start":{"line":16,"column":24},"end":{"line":18,"column":9}},"line":16}},"branchMap":{"0":{"loc":{"start":{"line":10,"column":8},"end":{"line":14,"column":9}},"type":"if","locations":[{"start":{"line":10,"column":8},"end":{"line":14,"column":9}},{"start":{"line":10,"column":8},"end":{"line":14,"column":9}}],"line":10}},"s":{"0":1,"1":1,"2":1,"3":6,"4":6,"5":6,"6":6,"7":6,"8":0,"9":0,"10":0,"11":1},"f":{"0":6,"1":6,"2":0},"b":{"0":[6,0]},"_coverageSchema":"1a1c01bbd47fc00a2c39e90264f33305004495a9","hash":"88011799e357eae20f0c51676e60bc4d4babb53b","contentHash":"262913ccf729dfda25506d29571ccfb2d618c2a645043343f76be5e6a990f706"},"C:\\Users\\F\\Desktop\\berkas bootcamp\\latihan coding\\HTML\\week18\\src\\routers\\categoryrouter.js":{"path":"C:\\Users\\F\\Desktop\\berkas bootcamp\\latihan coding\\HTML\\week18\\src\\routers\\categoryrouter.js","statementMap":{"0":{"start":{"line":3,"column":16},"end":{"line":3,"column":34}},"1":{"start":{"line":4,"column":21},"end":{"line":4,"column":59}},"2":{"start":{"line":5,"column":16},"end":{"line":5,"column":45}},"3":{"start":{"line":6,"column":22},"end":{"line":6,"column":60}},"4":{"start":{"line":8,"column":23},"end":{"line":8,"column":39}},"5":{"start":{"line":9,"column":0},"end":{"line":13,"column":77}},"6":{"start":{"line":15,"column":0},"end":{"line":15,"column":32}}},"fnMap":{},"branchMap":{},"s":{"0":1,"1":1,"2":1,"3":1,"4":1,"5":1,"6":1},"f":{},"b":{},"_coverageSchema":"1a1c01bbd47fc00a2c39e90264f33305004495a9","hash":"6b5788be51e49ad53a49cf405fefbd38bd4c0d59","contentHash":"1d69e02d3def611f2de9b65bdd1f7bd2513aa86635463577e961018db1d0c9b6"},"C:\\Users\\F\\Desktop\\berkas bootcamp\\latihan coding\\HTML\\week18\\src\\controllers\\categoryctrl.js":{"path":"C:\\Users\\F\\Desktop\\berkas bootcamp\\latihan coding\\HTML\\week18\\src\\controllers\\categoryctrl.js","statementMap":{"0":{"start":{"line":1,"column":15},"end":{"line":1,"column":49}},"1":{"start":{"line":2,"column":28},"end":{"line":2,"column":57}},"2":{"start":{"line":5,"column":21},"end":{"line":77,"column":1}},"3":{"start":{"line":8,"column":4},"end":{"line":31,"column":5}},"4":{"start":{"line":9,"column":24},"end":{"line":9,"column":27}},"5":{"start":{"line":10,"column":21},"end":{"line":10,"column":67}},"6":{"start":{"line":11,"column":20},"end":{"line":11,"column":66}},"7":{"start":{"line":12,"column":19},"end":{"line":12,"column":64}},"8":{"start":{"line":13,"column":20},"end":{"line":13,"column":64}},"9":{"start":{"line":14,"column":21},"end":{"line":14,"column":96}},"10":{"start":{"line":15,"column":6},"end":{"line":28,"column":11}},"11":{"start":{"line":16,"column":22},"end":{"line":16,"column":45}},"12":{"start":{"line":17,"column":23},"end":{"line":23,"column":9}},"13":{"start":{"line":24,"column":8},"end":{"line":24,"column":58}},"14":{"start":{"line":27,"column":10},"end":{"line":27,"column":32}},"15":{"start":{"line":30,"column":6},"end":{"line":30,"column":28}},"16":{"start":{"line":34,"column":4},"end":{"line":46,"column":5}},"17":{"start":{"line":35,"column":23},"end":{"line":35,"column":26}},"18":{"start":{"line":36,"column":27},"end":{"line":36,"column":31}},"19":{"start":{"line":37,"column":20},"end":{"line":37,"column":27}},"20":{"start":{"line":38,"column":6},"end":{"line":43,"column":11}},"21":{"start":{"line":39,"column":8},"end":{"line":39,"column":63}},"22":{"start":{"line":42,"column":10},"end":{"line":42,"column":32}},"23":{"start":{"line":45,"column":6},"end":{"line":45,"column":28}},"24":{"start":{"line":50,"column":4},"end":{"line":60,"column":5}},"25":{"start":{"line":51,"column":21},"end":{"line":51,"column":31}},"26":{"start":{"line":52,"column":6},"end":{"line":57,"column":11}},"27":{"start":{"line":53,"column":8},"end":{"line":53,"column":61}},"28":{"start":{"line":56,"column":10},"end":{"line":56,"column":32}},"29":{"start":{"line":59,"column":6},"end":{"line":59,"column":28}},"30":{"start":{"line":63,"column":4},"end":{"line":75,"column":5}},"31":{"start":{"line":64,"column":23},"end":{"line":64,"column":26}},"32":{"start":{"line":65,"column":21},"end":{"line":65,"column":31}},"33":{"start":{"line":66,"column":27},"end":{"line":66,"column":31}},"34":{"start":{"line":67,"column":6},"end":{"line":72,"column":11}},"35":{"start":{"line":68,"column":8},"end":{"line":68,"column":61}},"36":{"start":{"line":71,"column":10},"end":{"line":71,"column":32}},"37":{"start":{"line":74,"column":6},"end":{"line":74,"column":28}},"38":{"start":{"line":79,"column":0},"end":{"line":79,"column":30}}},"fnMap":{"0":{"name":"(anonymous_0)","decl":{"start":{"line":7,"column":11},"end":{"line":7,"column":12}},"loc":{"start":{"line":7,"column":25},"end":{"line":32,"column":3}},"line":7},"1":{"name":"(anonymous_1)","decl":{"start":{"line":15,"column":62},"end":{"line":15,"column":63}},"loc":{"start":{"line":15,"column":80},"end":{"line":25,"column":7}},"line":15},"2":{"name":"(anonymous_2)","decl":{"start":{"line":26,"column":15},"end":{"line":26,"column":16}},"loc":{"start":{"line":26,"column":24},"end":{"line":28,"column":9}},"line":26},"3":{"name":"(anonymous_3)","decl":{"start":{"line":33,"column":10},"end":{"line":33,"column":11}},"loc":{"start":{"line":33,"column":24},"end":{"line":47,"column":3}},"line":33},"4":{"name":"(anonymous_4)","decl":{"start":{"line":38,"column":42},"end":{"line":38,"column":43}},"loc":{"start":{"line":38,"column":54},"end":{"line":40,"column":7}},"line":38},"5":{"name":"(anonymous_5)","decl":{"start":{"line":41,"column":15},"end":{"line":41,"column":16}},"loc":{"start":{"line":41,"column":24},"end":{"line":43,"column":9}},"line":41},"6":{"name":"(anonymous_6)","decl":{"start":{"line":49,"column":7},"end":{"line":49,"column":8}},"loc":{"start":{"line":49,"column":21},"end":{"line":61,"column":3}},"line":49},"7":{"name":"(anonymous_7)","decl":{"start":{"line":52,"column":26},"end":{"line":52,"column":27}},"loc":{"start":{"line":52,"column":38},"end":{"line":54,"column":7}},"line":52},"8":{"name":"(anonymous_8)","decl":{"start":{"line":55,"column":15},"end":{"line":55,"column":16}},"loc":{"start":{"line":55,"column":24},"end":{"line":57,"column":9}},"line":55},"9":{"name":"(anonymous_9)","decl":{"start":{"line":62,"column":10},"end":{"line":62,"column":11}},"loc":{"start":{"line":62,"column":24},"end":{"line":76,"column":3}},"line":62},"10":{"name":"(anonymous_10)","decl":{"start":{"line":67,"column":39},"end":{"line":67,"column":40}},"loc":{"start":{"line":67,"column":51},"end":{"line":69,"column":7}},"line":67},"11":{"name":"(anonymous_11)","decl":{"start":{"line":70,"column":15},"end":{"line":70,"column":16}},"loc":{"start":{"line":70,"column":24},"end":{"line":72,"column":9}},"line":70}},"branchMap":{"0":{"loc":{"start":{"line":10,"column":21},"end":{"line":10,"column":67}},"type":"cond-expr","locations":[{"start":{"line":10,"column":50},"end":{"line":10,"column":52}},{"start":{"line":10,"column":55},"end":{"line":10,"column":67}}],"line":10},"1":{"loc":{"start":{"line":11,"column":20},"end":{"line":11,"column":66}},"type":"cond-expr","locations":[{"start":{"line":11,"column":48},"end":{"line":11,"column":52}},{"start":{"line":11,"column":55},"end":{"line":11,"column":66}}],"line":11},"2":{"loc":{"start":{"line":12,"column":19},"end":{"line":12,"column":64}},"type":"cond-expr","locations":[{"start":{"line":12,"column":46},"end":{"line":12,"column":51}},{"start":{"line":12,"column":54},"end":{"line":12,"column":64}}],"line":12},"3":{"loc":{"start":{"line":13,"column":20},"end":{"line":13,"column":64}},"type":"cond-expr","locations":[{"start":{"line":13,"column":48},"end":{"line":13,"column":50}},{"start":{"line":13,"column":53},"end":{"line":13,"column":64}}],"line":13},"4":{"loc":{"start":{"line":14,"column":21},"end":{"line":14,"column":96}},"type":"cond-expr","locations":[{"start":{"line":14,"column":68},"end":{"line":14,"column":69}},{"start":{"line":14,"column":72},"end":{"line":14,"column":96}}],"line":14},"5":{"loc":{"start":{"line":14,"column":21},"end":{"line":14,"column":65}},"type":"binary-expr","locations":[{"start":{"line":14,"column":21},"end":{"line":14,"column":45}},{"start":{"line":14,"column":49},"end":{"line":14,"column":65}}],"line":14}},"s":{"0":1,"1":1,"2":1,"3":1,"4":1,"5":1,"6":1,"7":1,"8":1,"9":1,"10":1,"11":1,"12":1,"13":1,"14":0,"15":0,"16":1,"17":1,"18":1,"19":1,"20":1,"21":1,"22":0,"23":0,"24":1,"25":1,"26":1,"27":1,"28":0,"29":0,"30":1,"31":1,"32":1,"33":1,"34":1,"35":1,"36":0,"37":0,"38":1},"f":{"0":1,"1":1,"2":0,"3":1,"4":1,"5":0,"6":1,"7":1,"8":0,"9":1,"10":1,"11":0},"b":{"0":[1,0],"1":[1,0],"2":[1,0],"3":[1,0],"4":[1,0],"5":[1,0]},"_coverageSchema":"1a1c01bbd47fc00a2c39e90264f33305004495a9","hash":"634ef18e069e74b1e3af3a1b2644970a7e86b18c","contentHash":"dc721e38c3b4c51620c2e8a5c18d75257b86136b8e44e2e764a411772eec1e01"},"C:\\Users\\F\\Desktop\\berkas bootcamp\\latihan coding\\HTML\\week18\\src\\models\\categorymodel.js":{"path":"C:\\Users\\F\\Desktop\\berkas bootcamp\\latihan coding\\HTML\\week18\\src\\models\\categorymodel.js","statementMap":{"0":{"start":{"line":2,"column":11},"end":{"line":2,"column":34}},"1":{"start":{"line":4,"column":22},"end":{"line":50,"column":1}},"2":{"start":{"line":5,"column":18},"end":{"line":13,"column":4}},"3":{"start":{"line":6,"column":4},"end":{"line":12,"column":7}},"4":{"start":{"line":7,"column":6},"end":{"line":11,"column":7}},"5":{"start":{"line":8,"column":8},"end":{"line":8,"column":20}},"6":{"start":{"line":10,"column":8},"end":{"line":10,"column":31}},"7":{"start":{"line":14,"column":51},"end":{"line":22,"column":4}},"8":{"start":{"line":15,"column":4},"end":{"line":21,"column":7}},"9":{"start":{"line":16,"column":6},"end":{"line":20,"column":7}},"10":{"start":{"line":17,"column":8},"end":{"line":17,"column":20}},"11":{"start":{"line":19,"column":8},"end":{"line":19,"column":24}},"12":{"start":{"line":23,"column":31},"end":{"line":31,"column":4}},"13":{"start":{"line":24,"column":4},"end":{"line":30,"column":7}},"14":{"start":{"line":25,"column":6},"end":{"line":29,"column":7}},"15":{"start":{"line":26,"column":8},"end":{"line":26,"column":20}},"16":{"start":{"line":28,"column":8},"end":{"line":28,"column":24}},"17":{"start":{"line":32,"column":15},"end":{"line":40,"column":4}},"18":{"start":{"line":33,"column":4},"end":{"line":39,"column":7}},"19":{"start":{"line":34,"column":6},"end":{"line":38,"column":7}},"20":{"start":{"line":35,"column":8},"end":{"line":35,"column":20}},"21":{"start":{"line":37,"column":8},"end":{"line":37,"column":24}},"22":{"start":{"line":41,"column":28},"end":{"line":49,"column":4}},"23":{"start":{"line":42,"column":4},"end":{"line":48,"column":7}},"24":{"start":{"line":43,"column":6},"end":{"line":47,"column":7}},"25":{"start":{"line":44,"column":8},"end":{"line":44,"column":20}},"26":{"start":{"line":46,"column":8},"end":{"line":46,"column":24}},"27":{"start":{"line":52,"column":0},"end":{"line":52,"column":31}}},"fnMap":{"0":{"name":"(anonymous_0)","decl":{"start":{"line":5,"column":12},"end":{"line":5,"column":13}},"loc":{"start":{"line":5,"column":18},"end":{"line":13,"column":4}},"line":5},"1":{"name":"(anonymous_1)","decl":{"start":{"line":5,"column":30},"end":{"line":5,"column":31}},"loc":{"start":{"line":5,"column":51},"end":{"line":13,"column":3}},"line":5},"2":{"name":"(anonymous_2)","decl":{"start":{"line":6,"column":39},"end":{"line":6,"column":40}},"loc":{"start":{"line":6,"column":56},"end":{"line":12,"column":5}},"line":6},"3":{"name":"(anonymous_3)","decl":{"start":{"line":14,"column":11},"end":{"line":14,"column":12}},"loc":{"start":{"line":14,"column":51},"end":{"line":22,"column":4}},"line":14},"4":{"name":"(anonymous_4)","decl":{"start":{"line":14,"column":63},"end":{"line":14,"column":64}},"loc":{"start":{"line":14,"column":84},"end":{"line":22,"column":3}},"line":14},"5":{"name":"(anonymous_5)","decl":{"start":{"line":15,"column":131},"end":{"line":15,"column":132}},"loc":{"start":{"line":15,"column":154},"end":{"line":21,"column":5}},"line":15},"6":{"name":"(anonymous_6)","decl":{"start":{"line":23,"column":10},"end":{"line":23,"column":11}},"loc":{"start":{"line":23,"column":31},"end":{"line":31,"column":4}},"line":23},"7"
[...]
:106,"column":11}},"56":{"start":{"line":105,"column":10},"end":{"line":105,"column":68}},"57":{"start":{"line":109,"column":10},"end":{"line":109,"column":32}},"58":{"start":{"line":112,"column":6},"end":{"line":112,"column":28}},"59":{"start":{"line":117,"column":4},"end":{"line":129,"column":5}},"60":{"start":{"line":118,"column":21},"end":{"line":118,"column":31}},"61":{"start":{"line":119,"column":6},"end":{"line":126,"column":11}},"62":{"start":{"line":120,"column":8},"end":{"line":120,"column":34}},"63":{"start":{"line":121,"column":8},"end":{"line":121,"column":35}},"64":{"start":{"line":122,"column":8},"end":{"line":122,"column":64}},"65":{"start":{"line":125,"column":10},"end":{"line":125,"column":32}},"66":{"start":{"line":128,"column":6},"end":{"line":128,"column":28}},"67":{"start":{"line":133,"column":0},"end":{"line":133,"column":33}}},"fnMap":{"0":{"name":"(anonymous_0)","decl":{"start":{"line":8,"column":19},"end":{"line":8,"column":20}},"loc":{"start":{"line":8,"column":28},"end":{"line":11,"column":1}},"line":8},"1":{"name":"(anonymous_1)","decl":{"start":{"line":18,"column":11},"end":{"line":18,"column":12}},"loc":{"start":{"line":18,"column":25},"end":{"line":65,"column":3}},"line":18},"2":{"name":"(anonymous_2)","decl":{"start":{"line":27,"column":32},"end":{"line":27,"column":33}},"loc":{"start":{"line":27,"column":59},"end":{"line":61,"column":7}},"line":27},"3":{"name":"(anonymous_3)","decl":{"start":{"line":31,"column":66},"end":{"line":31,"column":67}},"loc":{"start":{"line":31,"column":84},"end":{"line":43,"column":11}},"line":31},"4":{"name":"(anonymous_4)","decl":{"start":{"line":44,"column":19},"end":{"line":44,"column":20}},"loc":{"start":{"line":44,"column":28},"end":{"line":46,"column":13}},"line":44},"5":{"name":"(anonymous_5)","decl":{"start":{"line":49,"column":48},"end":{"line":49,"column":49}},"loc":{"start":{"line":49,"column":55},"end":{"line":49,"column":82}},"line":49},"6":{"name":"(anonymous_6)","decl":{"start":{"line":67,"column":19},"end":{"line":67,"column":20}},"loc":{"start":{"line":67,"column":33},"end":{"line":79,"column":3}},"line":67},"7":{"name":"(anonymous_7)","decl":{"start":{"line":70,"column":38},"end":{"line":70,"column":39}},"loc":{"start":{"line":70,"column":50},"end":{"line":72,"column":7}},"line":70},"8":{"name":"(anonymous_8)","decl":{"start":{"line":73,"column":15},"end":{"line":73,"column":16}},"loc":{"start":{"line":73,"column":24},"end":{"line":75,"column":9}},"line":73},"9":{"name":"(anonymous_9)","decl":{"start":{"line":80,"column":13},"end":{"line":80,"column":14}},"loc":{"start":{"line":80,"column":27},"end":{"line":92,"column":3}},"line":80},"10":{"name":"(anonymous_10)","decl":{"start":{"line":83,"column":32},"end":{"line":83,"column":33}},"loc":{"start":{"line":83,"column":44},"end":{"line":85,"column":7}},"line":83},"11":{"name":"(anonymous_11)","decl":{"start":{"line":86,"column":15},"end":{"line":86,"column":16}},"loc":{"start":{"line":86,"column":24},"end":{"line":88,"column":9}},"line":86},"12":{"name":"(anonymous_12)","decl":{"start":{"line":94,"column":10},"end":{"line":94,"column":11}},"loc":{"start":{"line":94,"column":24},"end":{"line":114,"column":3}},"line":94},"13":{"name":"(anonymous_13)","decl":{"start":{"line":97,"column":39},"end":{"line":97,"column":40}},"loc":{"start":{"line":97,"column":51},"end":{"line":107,"column":7}},"line":97},"14":{"name":"(anonymous_14)","decl":{"start":{"line":101,"column":40},"end":{"line":101,"column":41}},"loc":{"start":{"line":101,"column":47},"end":{"line":103,"column":9}},"line":101},"15":{"name":"(anonymous_15)","decl":{"start":{"line":102,"column":54},"end":{"line":102,"column":55}},"loc":{"start":{"line":102,"column":73},"end":{"line":102,"column":86}},"line":102},"16":{"name":"(anonymous_16)","decl":{"start":{"line":104,"column":38},"end":{"line":104,"column":39}},"loc":{"start":{"line":104,"column":44},"end":{"line":106,"column":9}},"line":104},"17":{"name":"(anonymous_17)","decl":{"start":{"line":108,"column":15},"end":{"line":108,"column":16}},"loc":{"start":{"line":108,"column":24},"end":{"line":110,"column":9}},"line":108},"18":{"name":"(anonymous_18)","decl":{"start":{"line":116,"column":7},"end":{"line":116,"column":8}},"loc":{"start":{"line":116,"column":21},"end":{"line":130,"column":3}},"line":116},"19":{"name":"(anonymous_19)","decl":{"start":{"line":119,"column":33},"end":{"line":119,"column":34}},"loc":{"start":{"line":119,"column":51},"end":{"line":123,"column":7}},"line":119},"20":{"name":"(anonymous_20)","decl":{"start":{"line":124,"column":15},"end":{"line":124,"column":16}},"loc":{"start":{"line":124,"column":24},"end":{"line":126,"column":9}},"line":124}},"branchMap":{"0":{"loc":{"start":{"line":21,"column":21},"end":{"line":21,"column":67}},"type":"cond-expr","locations":[{"start":{"line":21,"column":50},"end":{"line":21,"column":52}},{"start":{"line":21,"column":55},"end":{"line":21,"column":67}}],"line":21},"1":{"loc":{"start":{"line":22,"column":20},"end":{"line":22,"column":72}},"type":"cond-expr","locations":[{"start":{"line":22,"column":48},"end":{"line":22,"column":58}},{"start":{"line":22,"column":61},"end":{"line":22,"column":72}}],"line":22},"2":{"loc":{"start":{"line":23,"column":19},"end":{"line":23,"column":64}},"type":"cond-expr","locations":[{"start":{"line":23,"column":46},"end":{"line":23,"column":51}},{"start":{"line":23,"column":54},"end":{"line":23,"column":64}}],"line":23},"3":{"loc":{"start":{"line":24,"column":20},"end":{"line":24,"column":78}},"type":"cond-expr","locations":[{"start":{"line":24,"column":48},"end":{"line":24,"column":50}},{"start":{"line":24,"column":53},"end":{"line":24,"column":78}}],"line":24},"4":{"loc":{"start":{"line":25,"column":19},"end":{"line":25,"column":46}},"type":"cond-expr","locations":[{"start":{"line":25,"column":32},"end":{"line":25,"column":42}},{"start":{"line":25,"column":45},"end":{"line":25,"column":46}}],"line":25},"5":{"loc":{"start":{"line":26,"column":21},"end":{"line":26,"column":56}},"type":"cond-expr","locations":[{"start":{"line":26,"column":34},"end":{"line":26,"column":35}},{"start":{"line":26,"column":38},"end":{"line":26,"column":56}}],"line":26},"6":{"loc":{"start":{"line":28,"column":8},"end":{"line":60,"column":9}},"type":"if","locations":[{"start":{"line":28,"column":8},"end":{"line":60,"column":9}},{"start":{"line":28,"column":8},"end":{"line":60,"column":9}}],"line":28},"7":{"loc":{"start":{"line":30,"column":15},"end":{"line":60,"column":9}},"type":"if","locations":[{"start":{"line":30,"column":15},"end":{"line":60,"column":9}},{"start":{"line":30,"column":15},"end":{"line":60,"column":9}}],"line":30}},"s":{"0":1,"1":1,"2":1,"3":1,"4":0,"5":1,"6":1,"7":1,"8":1,"9":1,"10":1,"11":1,"12":1,"13":1,"14":1,"15":1,"16":1,"17":1,"18":0,"19":1,"20":1,"21":1,"22":1,"23":1,"24":1,"25":1,"26":0,"27":0,"28":0,"29":0,"30":0,"31":0,"32":0,"33":0,"34":0,"35":1,"36":1,"37":1,"38":1,"39":0,"40":0,"41":1,"42":1,"43":1,"44":1,"45":0,"46":0,"47":1,"48":1,"49":1,"50":1,"51":1,"52":1,"53":2,"54":2,"55":1,"56":1,"57":0,"58":0,"59":1,"60":1,"61":1,"62":1,"63":1,"64":1,"65":0,"66":0,"67":1},"f":{"0":0,"1":1,"2":1,"3":1,"4":0,"5":0,"6":1,"7":1,"8":0,"9":1,"10":1,"11":0,"12":1,"13":1,"14":2,"15":2,"16":1,"17":0,"18":1,"19":1,"20":0},"b":{"0":[1,0],"1":[1,0],"2":[1,0],"3":[1,0],"4":[0,1],"5":[1,0],"6":[0,1],"7":[1,0]},"_coverageSchema":"1a1c01bbd47fc00a2c39e90264f33305004495a9","hash":"5b15a5e2198479e44f7687522f437a1d5dcd1452","contentHash":"cd51256f538730abb764bb06c022ae8da872cf908ca6cba6b205b53073b315e2"},"C:\\Users\\F\\Desktop\\berkas bootcamp\\latihan coding\\HTML\\week18\\src\\models\\transactionmodel.js":{"path":"C:\\Users\\F\\Desktop\\berkas bootcamp\\latihan coding\\HTML\\week18\\src\\models\\transactionmodel.js","statementMap":{"0":{"start":{"line":2,"column":11},"end":{"line":2,"column":34}},"1":{"start":{"line":4,"column":17},"end":{"line":96,"column":1}},"2":{"start":{"line":5,"column":18},"end":{"line":13,"column":4}},"3":{"start":{"line":6,"column":4},"end":{"line":12,"column":7}},"4":{"start":{"line":7,"column":6},"end":{"line":11,"column":7}},"5":{"start":{"line":8,"column":8},"end":{"line":8,"column":20}},"6":{"start":{"line":10,"column":8},"end":{"line":10,"column":31}},"7":{"start":{"line":14,"column":16},"end":{"line":22,"column":4}},"8":{"start":{"line":15,"column":4},"end":{"line":21,"column":7}},"9":{"start":{"line":16,"column":6},"end":{"line":20,"column":7}},"10":{"start":{"line":17,"column":8},"end":{"line":17,"column":20}},"11":{"start":{"line":19,"column":8},"end":{"line":19,"column":24}},"12":{"start":{"line":23,"column":51},"end":{"line":31,"column":4}},"13":{"start":{"line":24,"column":4},"end":{"line":30,"column":7}},"14":{"start":{"line":25,"column":6},"end":{"line":29,"column":7}},"15":{"start":{"line":26,"column":8},"end":{"line":26,"column":20}},"16":{"start":{"line":28,"column":8},"end":{"line":28,"column":24}},"17":{"start":{"line":32,"column":27},"end":{"line":40,"column":4}},"18":{"start":{"line":33,"column":4},"end":{"line":39,"column":7}},"19":{"start":{"line":34,"column":6},"end":{"line":38,"column":7}},"20":{"start":{"line":35,"column":8},"end":{"line":35,"column":20}},"21":{"start":{"line":37,"column":8},"end":{"line":37,"column":24}},"22":{"start":{"line":41,"column":23},"end":{"line":49,"column":4}},"23":{"start":{"line":42,"column":4},"end":{"line":48,"column":7}},"24":{"start":{"line":43,"column":6},"end":{"line":47,"column":7}},"25":{"start":{"line":44,"column":8},"end":{"line":44,"column":20}},"26":{"start":{"line":46,"column":8},"end":{"line":46,"column":24}},"27":{"start":{"line":50,"column":21},"end":{"line":58,"column":4}},"28":{"start":{"line":51,"column":4},"end":{"line":57,"column":7}},"29":{"start":{"line":52,"column":6},"end":{"line":56,"column":7}},"30":{"start":{"line":53,"column":8},"end":{"line":53,"column":20}},"31":{"start":{"line":55,"column":8},"end":{"line":55,"column":24}},"32":{"start":{"line":59,"column":28},"end":{"line":67,"column":4}},"33":{"start":{"line":60,"column":4},"end":{"line":66,"column":7}},"34":{"start":{"line":61,"column":6},"end":{"line":65,"column":7}},"35":{"start":{"line":62,"column":8},"end":{"line":62,"column":20}},"36":{"start":{"line":64,"column":8},"end":{"line":64,"column":24}},"37":{"start":{"line":68,"column":34},"end":{"line":76,"column":4}},"38":{"start":{"line":69,"column":4},"end":{"line":75,"column":7}},"39":{"start":{"line":70,"column":6},"end":{"line":74,"column":7}},"40":{"start":{"line":71,"column":8},"end":{"line":71,"column":20}},"41":{"start":{"line":73,"column":8},"end":{"line":73,"column":24}},"42":{"start":{"line":77,"column":21},"end":{"line":85,"column":4}},"43":{"start":{"line":78,"column":4},"end":{"line":84,"column":7}},"44":{"start":{"line":79,"column":6},"end":{"line":83,"column":7}},"45":{"start":{"line":80,"column":8},"end":{"line":80,"column":20}},"46":{"start":{"line":82,"column":8},"end":{"line":82,"column":24}},"47":{"start":{"line":86,"column":22},"end":{"line":94,"column":4}},"48":{"start":{"line":87,"column":4},"end":{"line":93,"column":7}},"49":{"start":{"line":88,"column":6},"end":{"line":92,"column":7}},"50":{"start":{"line":89,"column":8},"end":{"line":89,"column":20}},"51":{"start":{"line":91,"column":8},"end":{"line":91,"column":24}},"52":{"start":{"line":98,"column":0},"end":{"line":98,"column":26}}},"fnMap":{"0":{"name":"(anonymous_0)","decl":{"start":{"line":5,"column":12},"end":{"line":5,"column":13}},"loc":{"start":{"line":5,"column":18},"end":{"line":13,"column":4}},"line":5},"1":{"name":"(anonymous_1)","decl":{"start":{"line":5,"column":30},"end":{"line":5,"column":31}},"loc":{"start":{"line":5,"column":51},"end":{"line":13,"column":3}},"line":5},"2":{"name":"(anonymous_2)","decl":{"start":{"line":6,"column":42},"end":{"line":6,"column":43}},"loc":{"start":{"line":6,"column":59},"end":{"line":12,"column":5}},"line":6},"3":{"name":"(anonymous_3)","decl":{"start":{"line":14,"column":10},"end":{"line":14,"column":11}},"loc":{"start":{"line":14,"column":16},"end":{"line":22,"column":4}},"line":14},"4":{"name":"(anonymous_4)","decl":{"start":{"line":14,"column":28},"end":{"line":14,"column":29}},"loc":{"start":{"line":14,"column":49},"end":{"line":22,"column":3}},"line":14},"5":{"name":"(anonymous_5)","decl":{"start":{"line":15,"column":156},"end":{"line":15,"column":157}},"loc":{"start":{"line":15,"column":173},"end":{"line":21,"column":5}},"line":15},"6":{"name":"(anonymous_6)","decl":{"start":{"line":23,"column":11},"end":{"line":23,"column":12}},"loc":{"start":{"line":23,"column":51},"end":{"line":31,"column":4}},"line":23},"7":{"name":"(anonymous_7)","decl":{"start":{"line":23,"column":63},"end":{"line":23,"column":64}},"loc":{"start":{"line":23,"column":84},"end":{"line":31,"column":3}},"line":23},"8":{"name":"(anonymous_8)","decl":{"start":{"line":24,"column":250},"end":{"line":24,"column":251}},"loc":{"start":{"line":24,"column":273},"end":{"line":30,"column":5}},"line":24},"9":{"name":"(anonymous_9)","decl":{"start":{"line":32,"column":19},"end":{"line":32,"column":20}},"loc":{"start":{"line":32,"column":27},"end":{"line":40,"column":4}},"line":32},"10":{"name":"(anonymous_10)","decl":{"start":{"line":32,"column":39},"end":{"line":32,"column":40}},"loc":{"start":{"line":32,"column":60},"end":{"line":40,"column":3}},"line":32},"11":{"name":"(anonymous_11)","decl":{"start":{"line":33,"column":178},"end":{"line":33,"column":179}},"loc":{"start":{"line":33,"column":195},"end":{"line":39,"column":5}},"line":33},"12":{"name":"(anonymous_12)","decl":{"start":{"line":41,"column":15},"end":{"line":41,"column":16}},"loc":{"start":{"line":41,"column":23},"end":{"line":49,"column":4}},"line":41},"13":{"name":"(anonymous_13)","decl":{"start":{"line":41,"column":35},"end":{"line":41,"column":36}},"loc":{"start":{"line":41,"column":56},"end":{"line":49,"column":3}},"line":41},"14":{"name":"(anonymous_14)","decl":{"start":{"line":42,"column":65},"end":{"line":42,"column":66}},"loc":{"start":{"line":42,"column":82},"end":{"line":48,"column":5}},"line":42},"15":{"name":"(anonymous_15)","decl":{"start":{"line":50,"column":13},"end":{"line":50,"column":14}},"loc":{"start":{"line":50,"column":21},"end":{"line":58,"column":4}},"line":50},"16":{"name":"(anonymous_16)","decl":{"start":{"line":50,"column":33},"end":{"line":50,"column":34}},"loc":{"start":{"line":50,"column":54},"end":{"line":58,"column":3}},"line":50},"17":{"name":"(anonymous_17)","decl":{"start":{"line":51,"column":170},"end":{"line":51,"column":171}},"loc":{"start":{"line":51,"column":187},"end":{"line":57,"column":5}},"line":51},"18":{"name":"(anonymous_18)","decl":{"start":{"line":59,"column":16},"end":{"line":59,"column":17}},"loc":{"start":{"line":59,"column":28},"end":{"line":67,"column":4}},"line":59},"19":{"name":"(anonymous_19)","decl":{"start":{"line":59,"column":40},"end":{"line":59,"column":41}},"loc":{"start":{"line":59,"column":61},"end":{"line":67,"column":3}},"line":59},"20":{"name":"(anonymous_20)","decl":{"start":{"line":60,"column":250},"end":{"line":60,"column":251}},"loc":{"start":{"line":60,"column":267},"end":{"line":66,"column":5}},"line":60},"21":{"name":"(anonymous_21)","decl":{"start":{"line":68,"column":17},"end":{"line":68,"column":18}},"loc":{"start":{"line":68,"column":34},"end":{"line":76,"column":4}},"line":68},"22":{"name":"(anonymous_22)","decl":{"start":{"line":68,"column":46},"end":{"line":68,"column":47}},"loc":{"start":{"line":68,"column":67},"end":{"line":76,"column":3}},"line":68},"23":{"name":"(anonymous_23)","decl":{"start":{"line":69,"column":168},"end":{"line":69,"column":169}},"loc":{"start":{"line":69,"column":185},"end":{"line":75,"column":5}},"line":69},"24":{"name":"(anonymous_24)","decl":{"start":{"line":77,"column":13},"end":{"line":77,"column":14}},"loc":{"start":{"line":77,"column":21},"end":{"line":85,"column":4}},"line":77},"25":{"name":"(anonymous_25)","decl":{"start":{"line":77,"column":33},"end":{"line":77,"column":34}},"loc":{"start":{"line":77,"column":54},"end":{"line":85,"column":3}},"line":77},"26":{"name":"(anonymous_26)","decl":{"start":{"line":78,"column":57},"end":{"line":78,"column":58}},"loc":{"start":{"line":78,"column":74},"end":{"line":84,"column":5}},"line":78},"27":{"name":"(anonymous_27)","decl":{"start":{"line":86,"column":14},"end":{"line":86,"column":15}},"loc":{"start":{"line":86,"column":22},"end":{"line":94,"column":4}},"line":86},"28":{"name":"(anonymous_28)","decl":{"start":{"line":86,"column":34},"end":{"line":86,"column":35}},"loc":{"start":{"line":86,"column":55},"end":{"line":94,"column":3}},"line":86},"29":{"name":"(anonymous_29)","decl":{"start":{"line":87,"column":77},"end":{"line":87,"column":78}},"loc":{"start":{"line":87,"column":94},"end":{"line":93,"column":5}},"line":87}},"branchMap":{"0":{"loc":{"start":{"line":7,"column":6},"end":{"line":11,"column":7}},"type":"if","locations":[{"start":{"line":7,"column":6},"end":{"line":11,"column":7}},{"start":{"line":7,"column":6},"end":{"line":11,"column":7}}],"line":7},"1":{"loc":{"start":{"line":16,"column":6},"end":{"line":20,"column":7}},"type":"if","locations":[{"start":{"line":16,"column":6},"end":{"line":20,"column":7}},{"start":{"line":16,"column":6},"end":{"line":20,"column":7}}],"line":16},"2":{"loc":{"start":{"line":25,"column":6},"end":{"line":29,"column":7}},"type":"if","locations":[{"start":{"line":25,"column":6},"end":{"line":29,"column":7}},{"start":{"line":25,"column":6},"end":{"line":29,"column":7}}],"line":25},"3":{"loc":{"start":{"line":34,"column":6},"end":{"line":38,"column":7}},"type":"if","locations":[{"start":{"line":34,"column":6},"end":{"line":38,"column":7}},{"start":{"line":34,"column":6},"end":{"line":38,"column":7}}],"line":34},"4":{"loc":{"start":{"line":43,"column":6},"end":{"line":47,"column":7}},"type":"if","locations":[{"start":{"line":43,"column":6},"end":{"line":47,"column":7}},{"start":{"line":43,"column":6},"end":{"line":47,"column":7}}],"line":43},"5":{"loc":{"start":{"line":52,"column":6},"end":{"line":56,"column":7}},"type":"if","locations":[{"start":{"line":52,"column":6},"end":{"line":56,"column":7}},{"start":{"line":52,"column":6},"end":{"line":56,"column":7}}],"line":52},"6":{"loc":{"start":{"line":61,"column":6},"end":{"line":65,"column":7}},"type":"if","locations":[{"start":{"line":61,"column":6},"end":{"line":65,"column":7}},{"start":{"line":61,"column":6},"end":{"line":65,"column":7}}],"line":61},"7":{"loc":{"start":{"line":70,"column":6},"end":{"line":74,"column":7}},"type":"if","locations":[{"start":{"line":70,"column":6},"end":{"line":74,"column":7}},{"start":{"line":70,"column":6},"end":{"line":74,"column":7}}],"line":70},"8":{"loc":{"start":{"line":79,"column":6},"end":{"line":83,"column":7}},"type":"if","locations":[{"start":{"line":79,"column":6},"end":{"line":83,"column":7}},{"start":{"line":79,"column":6},"end":{"line":83,"column":7}}],"line":79},"9":{"loc":{"start":{"line":88,"column":6},"end":{"line":92,"column":7}},"type":"if","locations":[{"start":{"line":88,"column":6},"end":{"line":92,"column":7}},{"start":{"line":88,"column":6},"end":{"line":92,"column":7}}],"line":88}},"s":{"0":1,"1":1,"2":1,"3":1,"4":1,"5":0,"6":1,"7":1,"8":1,"9":1,"10":0,"11":1,"12":1,"13":1,"14":1,"15":0,"16":1,"17":1,"18":1,"19":1,"20":0,"21":1,"22":0,"23":0,"24":0,"25":0,"26":0,"27":1,"28":1,"29":1,"30":0,"31":1,"32":1,"33":1,"34":1,"35":0,"36":1,"37":2,"38":2,"39":2,"40":0,"41":2,"42":1,"43":1,"44":1,"45":0,"46":1,"47":1,"48":1,"49":1,"50":0,"51":1,"52":1},"f":{"0":1,"1":1,"2":1,"3":1,"4":1,"5":1,"6":1,"7":1,"8":1,"9":1,"10":1,"11":1,"12":0,"13":0,"14":0,"15":1,"16":1,"17":1,"18":1,"19":1,"20":1,"21":2,"22":2,"23":2,"24":1,"25":1,"26":1,"27":1,"28":1,"29":1},"b":{"0":[0,1],"1":[0,1],"2":[0,1],"3":[0,1],"4":[0,0],"5":[0,1],"6":[0,1],"7":[0,2],"8":[0,1],"9":[0,1]},"_coverageSchema":"1a1c01bbd47fc00a2c39e90264f33305004495a9","hash":"1c77211274c83b2a9c910e18a403401b04f16cf4","contentHash":"f79ad3da3181789079a028b298f4c7e12bd90e22c0effc26adff8cf5126fe110"}}